#
# There is insufficient memory for the Java Runtime Environment to continue.
# Native memory allocation (mmap) failed to map 65536 bytes. Error detail: Failed to commit metaspace.
# Possible reasons:
#   The system is out of physical RAM or swap space
#   This process is running with CompressedOops enabled, and the Java Heap may be blocking the growth of the native heap
# Possible solutions:
#   Reduce memory load on the system
#   Increase physical memory or swap space
#   Check if swap backing store is full
#   Decrease Java heap size (-Xmx/-Xms)
#   Decrease number of Java threads
#   Decrease Java thread stack sizes (-Xss)
#   Set larger code cache with -XX:ReservedCodeCacheSize=
#   JVM is running with Unscaled Compressed Oops mode in which the Java heap is
#     placed in the first 4GB address space. The Java Heap base address is the
#     maximum limit for the native heap growth. Please use -XX:HeapBaseMinAddress
#     to set the Java Heap base and to place the Java Heap above 4GB virtual address.
# This output file may be truncated or incomplete.
#
#  Out of Memory Error (virtualSpaceNode.cpp:113), pid=63492, tid=58804
#
# JRE version: OpenJDK Runtime Environment Temurin-21.0.7+6 (21.0.7+6) (build 21.0.7+6-LTS)
# Java VM: OpenJDK 64-Bit Server VM Temurin-21.0.7+6 (21.0.7+6-LTS, mixed mode, emulated-client, sharing, tiered, compressed oops, compressed class ptrs, g1 gc, windows-amd64)
# No core dump will be written. Minidumps are not enabled by default on client versions of Windows
#

---------------  S U M M A R Y ------------

Command Line: -Dcom.sun.management.jmxremote -Dcom.sun.management.jmxremote.port=60407 -Dcom.sun.management.jmxremote.authenticate=false -Dcom.sun.management.jmxremote.ssl=false -Djava.rmi.server.hostname=localhost -Dspring.jmx.enabled=true -Dmanagement.endpoints.jmx.exposure.include=* -Dspring.application.admin.enabled=true -Dspring.output.ansi.enabled=always -XX:TieredStopAtLevel=1 -Dspring.boot.project.name=auth-service -Dfile.encoding=UTF-8 -Dstdout.encoding=UTF-8 -Dstderr.encoding=UTF-8 -XX:+ShowCodeDetailsInExceptionMessages br.edu.atitus.auth_service.AuthServiceApplication

Host: Intel(R) Core(TM) i5-8265U CPU @ 1.60GHz, 8 cores, 7G,  Windows 11 , 64 bit Build 26100 (10.0.26100.6725)
Time: Sat Nov 15 17:16:57 2025 Hora oficial do Brasil elapsed time: 23.657639 seconds (0d 0h 0m 23s)

---------------  T H R E A D  ---------------

Current thread (0x0000029c60e9e500):  JavaThread "restartedMain"        [_thread_in_vm, id=58804, stack(0x000000cc67300000,0x000000cc67400000) (1024K)]

Stack: [0x000000cc67300000,0x000000cc67400000]
Native frames: (J=compiled Java code, j=interpreted, Vv=VM code, C=native code)
V  [jvm.dll+0x6ce119]
V  [jvm.dll+0x8a84a1]
V  [jvm.dll+0x8aa9ce]
V  [jvm.dll+0x8ab0b3]
V  [jvm.dll+0x27f8a6]
V  [jvm.dll+0x8a41ee]
V  [jvm.dll+0x670575]
V  [jvm.dll+0x1e474c]
V  [jvm.dll+0x1e451e]
V  [jvm.dll+0x672e72]
V  [jvm.dll+0x672c92]
V  [jvm.dll+0x670f4e]
V  [jvm.dll+0x27c7b6]
V  [jvm.dll+0x7242a5]
V  [jvm.dll+0x724def]
V  [jvm.dll+0x3c3d08]
V  [jvm.dll+0x3c2af7]
V  [jvm.dll+0x3c2a98]
V  [jvm.dll+0x5d5a99]
V  [jvm.dll+0x5d499c]
V  [jvm.dll+0x3d8605]
V  [jvm.dll+0x3d7c7d]
C  0x0000029c53748435

The last pc belongs to invokestatic (printed below).
Java frames: (J=compiled Java code, j=interpreted, Vv=VM code)
j  org.springframework.beans.factory.support.AbstractBeanFactory.transformedBeanName(Ljava/lang/String;)Ljava/lang/String;+2
j  org.springframework.beans.factory.support.AbstractBeanFactory.containsBean(Ljava/lang/String;)Z+2
j  org.springframework.boot.context.logging.LoggingApplicationListener.onApplicationPreparedEvent(Lorg/springframework/boot/context/event/ApplicationPreparedEvent;)V+15
j  org.springframework.boot.context.logging.LoggingApplicationListener.onApplicationEvent(Lorg/springframework/context/ApplicationEvent;)V+56
j  org.springframework.context.event.SimpleApplicationEventMulticaster.doInvokeListener(Lorg/springframework/context/ApplicationListener;Lorg/springframework/context/ApplicationEvent;)V+2
j  org.springframework.context.event.SimpleApplicationEventMulticaster.invokeListener(Lorg/springframework/context/ApplicationListener;Lorg/springframework/context/ApplicationEvent;)V+34
j  org.springframework.context.event.SimpleApplicationEventMulticaster.multicastEvent(Lorg/springframework/context/ApplicationEvent;Lorg/springframework/core/ResolvableType;)V+104
j  org.springframework.context.event.SimpleApplicationEventMulticaster.multicastEvent(Lorg/springframework/context/ApplicationEvent;)V+3
j  org.springframework.boot.context.event.EventPublishingRunListener.multicastInitialEvent(Lorg/springframework/context/ApplicationEvent;)V+9
j  org.springframework.boot.context.event.EventPublishingRunListener.contextLoaded(Lorg/springframework/context/ConfigurableApplicationContext;)V+80
j  org.springframework.boot.SpringApplicationRunListeners.lambda$contextLoaded$4(Lorg/springframework/context/ConfigurableApplicationContext;Lorg/springframework/boot/SpringApplicationRunListener;)V+2
j  org.springframework.boot.SpringApplicationRunListeners$$Lambda+0x0000029c0123c9f8.accept(Ljava/lang/Object;)V+8
j  java.lang.Iterable.forEach(Ljava/util/function/Consumer;)V+30 java.base@21.0.7
j  org.springframework.boot.SpringApplicationRunListeners.doWithListeners(Ljava/lang/String;Ljava/util/function/Consumer;Ljava/util/function/Consumer;)V+17
j  org.springframework.boot.SpringApplicationRunListeners.doWithListeners(Ljava/lang/String;Ljava/util/function/Consumer;)V+4
j  org.springframework.boot.SpringApplicationRunListeners.contextLoaded(Lorg/springframework/context/ConfigurableApplicationContext;)V+9
j  org.springframework.boot.SpringApplication.prepareContext(Lorg/springframework/boot/DefaultBootstrapContext;Lorg/springframework/context/ConfigurableApplicationContext;Lorg/springframework/core/env/ConfigurableEnvironment;Lorg/springframework/boot/SpringApplicationRunListeners;Lorg/springframework/boot/ApplicationArguments;Lorg/springframework/boot/Banner;)V+264
j  org.springframework.boot.SpringApplication.run([Ljava/lang/String;)Lorg/springframework/context/ConfigurableApplicationContext;+107
j  org.springframework.boot.SpringApplication.run([Ljava/lang/Class;[Ljava/lang/String;)Lorg/springframework/context/ConfigurableApplicationContext;+9
j  org.springframework.boot.SpringApplication.run(Ljava/lang/Class;[Ljava/lang/String;)Lorg/springframework/context/ConfigurableApplicationContext;+9
j  br.edu.atitus.auth_service.AuthServiceApplication.main([Ljava/lang/String;)V+3
j  java.lang.invoke.LambdaForm$DMH+0x0000029c01001000.invokeStatic(Ljava/lang/Object;Ljava/lang/Object;)V+10 java.base@21.0.7
j  java.lang.invoke.LambdaForm$MH+0x0000029c01125000.invoke(Ljava/lang/Object;Ljava/lang/Object;Ljava/lang/Object;)Ljava/lang/Object;+33 java.base@21.0.7
j  java.lang.invoke.Invokers$Holder.invokeExact_MT(Ljava/lang/Object;Ljava/lang/Object;Ljava/lang/Object;Ljava/lang/Object;)Ljava/lang/Object;+20 java.base@21.0.7
j  jdk.internal.reflect.DirectMethodHandleAccessor.invokeImpl(Ljava/lang/Object;[Ljava/lang/Object;)Ljava/lang/Object;+55 java.base@21.0.7
j  jdk.internal.reflect.DirectMethodHandleAccessor.invoke(Ljava/lang/Object;[Ljava/lang/Object;)Ljava/lang/Object;+23 java.base@21.0.7
j  java.lang.reflect.Method.invoke(Ljava/lang/Object;[Ljava/lang/Object;)Ljava/lang/Object;+102 java.base@21.0.7
j  org.springframework.boot.devtools.restart.RestartLauncher.run()V+47
v  ~StubRoutines::call_stub 0x0000029c5373100d
invokestatic  184 invokestatic  [0x0000029c53748380, 0x0000029c537484e0]  352 bytes
[MachCode]
  0x0000029c53748380: 4883 ec08 | c5fa 1104 | 24eb 1f48 | 83ec 10c5 | fb11 0424 | eb14 4883 | ec10 4889 | 0424 48c7 
  0x0000029c537483a0: 4424 0800 | 0000 00eb | 0150 4c89 | 6dc0 410f | b755 0148 | 8b4d d0c1 | e202 8b5c | d138 c1eb 
  0x0000029c537483c0: 1081 e3ff | 0000 0081 | fbb8 0000 | 000f 84b4 | 0000 00bb | b800 0000 | e805 0000 | 00e9 9900 
  0x0000029c537483e0: 0000 488b | d348 8d44 | 2408 4c89 | 6dc0 498b | cfc5 f877 | 4989 afa8 | 0300 0049 | 8987 9803 
  0x0000029c53748400: 0000 4883 | ec20 40f6 | c40f 0f84 | 1900 0000 | 4883 ec08 | 48b8 107c | ba1f fe7f | 0000 ffd0 
  0x0000029c53748420: 4883 c408 | e90c 0000 | 0048 b810 | 7cba 1ffe | 7f00 00ff | d048 83c4 | 2049 c787 | 9803 0000 
  0x0000029c53748440: 0000 0000 | 49c7 87a8 | 0300 0000 | 0000 0049 | c787 a003 | 0000 0000 | 0000 c5f8 | 7749 837f 
  0x0000029c53748460: 0800 0f84 | 0500 0000 | e993 8afe | ff4c 8b6d | c04c 8b75 | c84e 8d74 | f500 c341 | 0fb7 5501 
  0x0000029c53748480: 488b 4dd0 | c1e2 0248 | 8b5c d140 | 488b 5b08 | 488b 5b08 | 488b 5b18 | 80bb 2101 | 0000 040f 
  0x0000029c537484a0: 840d 0000 | 004c 3bbb | 2801 0000 | 0f85 21ff | ffff 488b | 5cd1 408b | 54d1 50c1 | ea1c 49ba 
  0x0000029c537484c0: c0df 4820 | fe7f 0000 | 498b 14d2 | 524c 8d6c | 2408 4c89 | 6df0 ff63 | 500f 1f80 | 0000 0000 
[/MachCode]

---------------  P R O C E S S  ---------------

Threads class SMR info:
_java_thread_list=0x0000029c610337b0, length=20, elements={
0x0000029c4d9cbea0, 0x0000029c5ba312e0, 0x0000029c5ba31d30, 0x0000029c5ba38ec0,
0x0000029c5ba39910, 0x0000029c5ba3a360, 0x0000029c5ba3adb0, 0x0000029c5ba3b800,
0x0000029c5bb8a000, 0x0000029c5bbdb680, 0x0000029c604e5460, 0x0000029c60498300,
0x0000029c60520390, 0x0000029c605040c0, 0x0000029c6054f6b0, 0x0000029c6053c2c0,
0x0000029c60558730, 0x0000029c60e9de70, 0x0000029c60e9e500, 0x0000029c60e9eb90
}

Java Threads: ( => current thread )
  0x0000029c4d9cbea0 JavaThread "main"                              [_thread_blocked, id=21052, stack(0x000000cc64f00000,0x000000cc65000000) (1024K)]
  0x0000029c5ba312e0 JavaThread "Reference Handler"          daemon [_thread_blocked, id=30100, stack(0x000000cc65700000,0x000000cc65800000) (1024K)]
  0x0000029c5ba31d30 JavaThread "Finalizer"                  daemon [_thread_blocked, id=20856, stack(0x000000cc65800000,0x000000cc65900000) (1024K)]
  0x0000029c5ba38ec0 JavaThread "Signal Dispatcher"          daemon [_thread_blocked, id=59192, stack(0x000000cc65900000,0x000000cc65a00000) (1024K)]
  0x0000029c5ba39910 JavaThread "Attach Listener"            daemon [_thread_blocked, id=44920, stack(0x000000cc65a00000,0x000000cc65b00000) (1024K)]
  0x0000029c5ba3a360 JavaThread "Service Thread"             daemon [_thread_blocked, id=41820, stack(0x000000cc65b00000,0x000000cc65c00000) (1024K)]
  0x0000029c5ba3adb0 JavaThread "Monitor Deflation Thread"   daemon [_thread_blocked, id=25024, stack(0x000000cc65c00000,0x000000cc65d00000) (1024K)]
  0x0000029c5ba3b800 JavaThread "C1 CompilerThread0"         daemon [_thread_blocked, id=21096, stack(0x000000cc65d00000,0x000000cc65e00000) (1024K)]
  0x0000029c5bb8a000 JavaThread "Common-Cleaner"             daemon [_thread_blocked, id=36508, stack(0x000000cc65e00000,0x000000cc65f00000) (1024K)]
  0x0000029c5bbdb680 JavaThread "Notification Thread"        daemon [_thread_blocked, id=38096, stack(0x000000cc66000000,0x000000cc66100000) (1024K)]
  0x0000029c604e5460 JavaThread "RMI TCP Accept-0"           daemon [_thread_in_native, id=46160, stack(0x000000cc66400000,0x000000cc66500000) (1024K)]
  0x0000029c60498300 JavaThread "RMI TCP Accept-60407"       daemon [_thread_in_native, id=3296, stack(0x000000cc66500000,0x000000cc66600000) (1024K)]
  0x0000029c60520390 JavaThread "RMI TCP Connection(idle)"   daemon [_thread_blocked, id=50840, stack(0x000000cc66600000,0x000000cc66700000) (1024K)]
  0x0000029c605040c0 JavaThread "RMI TCP Accept-0"           daemon [_thread_in_native, id=54852, stack(0x000000cc66700000,0x000000cc66800000) (1024K)]
  0x0000029c6054f6b0 JavaThread "RMI Scheduler(0)"           daemon [_thread_blocked, id=54600, stack(0x000000cc66800000,0x000000cc66900000) (1024K)]
  0x0000029c6053c2c0 JavaThread "RMI TCP Connection(2)-127.0.0.1" daemon [_thread_blocked, id=2892, stack(0x000000cc66900000,0x000000cc66a00000) (1024K)]
  0x0000029c60558730 JavaThread "JMX server connection timeout 28" daemon [_thread_blocked, id=21004, stack(0x000000cc66a00000,0x000000cc66b00000) (1024K)]
  0x0000029c60e9de70 JavaThread "Thread-0"                          [_thread_blocked, id=17324, stack(0x000000cc67200000,0x000000cc67300000) (1024K)]
=>0x0000029c60e9e500 JavaThread "restartedMain"                     [_thread_in_vm, id=58804, stack(0x000000cc67300000,0x000000cc67400000) (1024K)]
  0x0000029c60e9eb90 JavaThread "background-preinit"                [_thread_in_vm, id=39012, stack(0x000000cc65f00000,0x000000cc66000000) (1024K)]
Total: 20

Other Threads:
  0x0000029c5ba153d0 VMThread "VM Thread"                           [id=63804, stack(0x000000cc65600000,0x000000cc65700000) (1024K)] _threads_hazard_ptr=0x0000029c610337b0
  0x0000029c5ba00470 WatcherThread "VM Periodic Task Thread"        [id=49552, stack(0x000000cc65500000,0x000000cc65600000) (1024K)]
  0x0000029c4fe00020 WorkerThread "GC Thread#0"                     [id=36036, stack(0x000000cc65000000,0x000000cc65100000) (1024K)]
  0x0000029c5ba148f0 WorkerThread "GC Thread#1"                     [id=13108, stack(0x000000cc66b00000,0x000000cc66c00000) (1024K)]
  0x0000029c5ba15770 WorkerThread "GC Thread#2"                     [id=54008, stack(0x000000cc66c00000,0x000000cc66d00000) (1024K)]
  0x0000029c5ba14c90 WorkerThread "GC Thread#3"                     [id=30124, stack(0x000000cc66d00000,0x000000cc66e00000) (1024K)]
  0x0000029c5ba141b0 WorkerThread "GC Thread#4"                     [id=55672, stack(0x000000cc66e00000,0x000000cc66f00000) (1024K)]
  0x0000029c5ba13e10 WorkerThread "GC Thread#5"                     [id=32892, stack(0x000000cc66f00000,0x000000cc67000000) (1024K)]
  0x0000029c5ba14550 WorkerThread "GC Thread#6"                     [id=8424, stack(0x000000cc67000000,0x000000cc67100000) (1024K)]
  0x0000029c6061f6f0 WorkerThread "GC Thread#7"                     [id=56460, stack(0x000000cc67100000,0x000000cc67200000) (1024K)]
  0x0000029c4fe10b50 ConcurrentGCThread "G1 Main Marker"            [id=57076, stack(0x000000cc65100000,0x000000cc65200000) (1024K)]
  0x0000029c4fe123e0 WorkerThread "G1 Conc#0"                       [id=6016, stack(0x000000cc65200000,0x000000cc65300000) (1024K)]
  0x0000029c5b8be9c0 ConcurrentGCThread "G1 Refine#0"               [id=51384, stack(0x000000cc65300000,0x000000cc65400000) (1024K)]
  0x0000029c5b8c2200 ConcurrentGCThread "G1 Service"                [id=27032, stack(0x000000cc65400000,0x000000cc65500000) (1024K)]
Total: 14

Threads with active compile tasks:
Total: 0

VM state: synchronizing (normal execution)

VM Mutex/Monitor currently owned by a thread:  ([mutex/lock_event])
[0x00007ffe2047c308] Metaspace_lock - owner thread: 0x0000029c60e9e500
[0x00007ffe2047e308] Threads_lock - owner thread: 0x0000029c5ba153d0

Heap address: 0x0000000081e00000, size: 2018 MB, Compressed Oops mode: 32-bit

CDS archive(s) mapped at: [0x0000029c00000000-0x0000029c00c80000-0x0000029c00c80000), size 13107200, SharedBaseAddress: 0x0000029c00000000, ArchiveRelocationMode: 1.
Compressed class space mapped at: 0x0000029c01000000-0x0000029c41000000, reserved size: 1073741824
Narrow klass base: 0x0000029c00000000, Narrow klass shift: 0, Narrow klass range: 0x100000000

GC Precious Log:
 CardTable entry size: 512
 Card Set container configuration: InlinePtr #cards 5 size 8 Array Of Cards #cards 12 size 40 Howl #buckets 4 coarsen threshold 1843 Howl Bitmap #cards 512 size 80 coarsen threshold 460 Card regions per heap region 1 cards per card region 2048
 CPUs: 8 total, 8 available
 Memory: 8067M
 Large Page Support: Disabled
 NUMA Support: Disabled
 Compressed Oops: Enabled (32-bit)
 Heap Region Size: 1M
 Heap Min Capacity: 8M
 Heap Initial Capacity: 128M
 Heap Max Capacity: 2018M
 Pre-touch: Disabled
 Parallel Workers: 8
 Concurrent Workers: 2
 Concurrent Refinement Workers: 8
 Periodic GC: Disabled

Heap:
 garbage-first heap   total 131072K, used 59852K [0x0000000081e00000, 0x0000000100000000)
  region size 1024K, 48 young (49152K), 4 survivors (4096K)
 Metaspace       used 16742K, committed 17088K, reserved 1114112K
  class space    used 2174K, committed 2368K, reserved 1048576K

Heap Regions: E=young(eden), S=young(survivor), O=old, HS=humongous(starts), HC=humongous(continues), CS=collection set, F=free, TAMS=top-at-mark-start, PB=parsable bottom
|   0|0x0000000081e00000, 0x0000000081f00000, 0x0000000081f00000|100%|HS|  |TAMS 0x0000000081e00000| PB 0x0000000081e00000| Complete 
|   1|0x0000000081f00000, 0x0000000082000000, 0x0000000082000000|100%|HS|  |TAMS 0x0000000081f00000| PB 0x0000000081f00000| Complete 
|   2|0x0000000082000000, 0x0000000082100000, 0x0000000082100000|100%|HS|  |TAMS 0x0000000082000000| PB 0x0000000082000000| Complete 
|   3|0x0000000082100000, 0x0000000082200000, 0x0000000082200000|100%|HS|  |TAMS 0x0000000082100000| PB 0x0000000082100000| Complete 
|   4|0x0000000082200000, 0x0000000082300000, 0x0000000082300000|100%| O|  |TAMS 0x0000000082200000| PB 0x0000000082200000| Untracked 
|   5|0x0000000082300000, 0x0000000082400000, 0x0000000082400000|100%| O|  |TAMS 0x0000000082300000| PB 0x0000000082300000| Untracked 
|   6|0x0000000082400000, 0x0000000082500000, 0x0000000082500000|100%| O|  |TAMS 0x0000000082400000| PB 0x0000000082400000| Untracked 
|   7|0x0000000082500000, 0x0000000082600000, 0x0000000082600000|100%| O|  |TAMS 0x0000000082500000| PB 0x0000000082500000| Untracked 
|   8|0x0000000082600000, 0x0000000082700000, 0x0000000082700000|100%| O|  |TAMS 0x0000000082600000| PB 0x0000000082600000| Untracked 
|   9|0x0000000082700000, 0x0000000082700000, 0x0000000082800000|  0%| F|  |TAMS 0x0000000082700000| PB 0x0000000082700000| Untracked 
|  10|0x0000000082800000, 0x0000000082800000, 0x0000000082900000|  0%| F|  |TAMS 0x0000000082800000| PB 0x0000000082800000| Untracked 
|  11|0x0000000082900000, 0x0000000082900000, 0x0000000082a00000|  0%| F|  |TAMS 0x0000000082900000| PB 0x0000000082900000| Untracked 
|  12|0x0000000082a00000, 0x0000000082b00000, 0x0000000082b00000|100%| O|  |TAMS 0x0000000082a00000| PB 0x0000000082a00000| Untracked 
|  13|0x0000000082b00000, 0x0000000082c00000, 0x0000000082c00000|100%| O|  |TAMS 0x0000000082b00000| PB 0x0000000082b00000| Untracked 
|  14|0x0000000082c00000, 0x0000000082d00000, 0x0000000082d00000|100%| O|  |TAMS 0x0000000082c00000| PB 0x0000000082c00000| Untracked 
|  15|0x0000000082d00000, 0x0000000082d73200, 0x0000000082e00000| 44%| O|  |TAMS 0x0000000082d00000| PB 0x0000000082d00000| Untracked 
|  16|0x0000000082e00000, 0x0000000082e00000, 0x0000000082f00000|  0%| F|  |TAMS 0x0000000082e00000| PB 0x0000000082e00000| Untracked 
|  17|0x0000000082f00000, 0x0000000082f00000, 0x0000000083000000|  0%| F|  |TAMS 0x0000000082f00000| PB 0x0000000082f00000| Untracked 
|  18|0x0000000083000000, 0x0000000083000000, 0x0000000083100000|  0%| F|  |TAMS 0x0000000083000000| PB 0x0000000083000000| Untracked 
|  19|0x0000000083100000, 0x0000000083100000, 0x0000000083200000|  0%| F|  |TAMS 0x0000000083100000| PB 0x0000000083100000| Untracked 
|  20|0x0000000083200000, 0x0000000083200000, 0x0000000083300000|  0%| F|  |TAMS 0x0000000083200000| PB 0x0000000083200000| Untracked 
|  21|0x0000000083300000, 0x0000000083300000, 0x0000000083400000|  0%| F|  |TAMS 0x0000000083300000| PB 0x0000000083300000| Untracked 
|  22|0x0000000083400000, 0x0000000083400000, 0x0000000083500000|  0%| F|  |TAMS 0x0000000083400000| PB 0x0000000083400000| Untracked 
|  23|0x0000000083500000, 0x0000000083500000, 0x0000000083600000|  0%| F|  |TAMS 0x0000000083500000| PB 0x0000000083500000| Untracked 
|  24|0x0000000083600000, 0x0000000083600000, 0x0000000083700000|  0%| F|  |TAMS 0x0000000083600000| PB 0x0000000083600000| Untracked 
|  25|0x0000000083700000, 0x0000000083700000, 0x0000000083800000|  0%| F|  |TAMS 0x0000000083700000| PB 0x0000000083700000| Untracked 
|  26|0x0000000083800000, 0x0000000083800000, 0x0000000083900000|  0%| F|  |TAMS 0x0000000083800000| PB 0x0000000083800000| Untracked 
|  27|0x0000000083900000, 0x0000000083900000, 0x0000000083a00000|  0%| F|  |TAMS 0x0000000083900000| PB 0x0000000083900000| Untracked 
|  28|0x0000000083a00000, 0x0000000083a00000, 0x0000000083b00000|  0%| F|  |TAMS 0x0000000083a00000| PB 0x0000000083a00000| Untracked 
|  29|0x0000000083b00000, 0x0000000083b00000, 0x0000000083c00000|  0%| F|  |TAMS 0x0000000083b00000| PB 0x0000000083b00000| Untracked 
|  30|0x0000000083c00000, 0x0000000083c00000, 0x0000000083d00000|  0%| F|  |TAMS 0x0000000083c00000| PB 0x0000000083c00000| Untracked 
|  31|0x0000000083d00000, 0x0000000083d00000, 0x0000000083e00000|  0%| F|  |TAMS 0x0000000083d00000| PB 0x0000000083d00000| Untracked 
|  32|0x0000000083e00000, 0x0000000083e00000, 0x0000000083f00000|  0%| F|  |TAMS 0x0000000083e00000| PB 0x0000000083e00000| Untracked 
|  33|0x0000000083f00000, 0x0000000083f00000, 0x0000000084000000|  0%| F|  |TAMS 0x0000000083f00000| PB 0x0000000083f00000| Untracked 
|  34|0x0000000084000000, 0x0000000084000000, 0x0000000084100000|  0%| F|  |TAMS 0x0000000084000000| PB 0x0000000084000000| Untracked 
|  35|0x0000000084100000, 0x0000000084100000, 0x0000000084200000|  0%| F|  |TAMS 0x0000000084100000| PB 0x0000000084100000| Untracked 
|  36|0x0000000084200000, 0x0000000084200000, 0x0000000084300000|  0%| F|  |TAMS 0x0000000084200000| PB 0x0000000084200000| Untracked 
|  37|0x0000000084300000, 0x0000000084300000, 0x0000000084400000|  0%| F|  |TAMS 0x0000000084300000| PB 0x0000000084300000| Untracked 
|  38|0x0000000084400000, 0x0000000084400000, 0x0000000084500000|  0%| F|  |TAMS 0x0000000084400000| PB 0x0000000084400000| Untracked 
|  39|0x0000000084500000, 0x0000000084500000, 0x0000000084600000|  0%| F|  |TAMS 0x0000000084500000| PB 0x0000000084500000| Untracked 
|  40|0x0000000084600000, 0x0000000084600000, 0x0000000084700000|  0%| F|  |TAMS 0x0000000084600000| PB 0x0000000084600000| Untracked 
|  41|0x0000000084700000, 0x0000000084700000, 0x0000000084800000|  0%| F|  |TAMS 0x0000000084700000| PB 0x0000000084700000| Untracked 
|  42|0x0000000084800000, 0x0000000084800000, 0x0000000084900000|  0%| F|  |TAMS 0x0000000084800000| PB 0x0000000084800000| Untracked 
|  43|0x0000000084900000, 0x0000000084900000, 0x0000000084a00000|  0%| F|  |TAMS 0x0000000084900000| PB 0x0000000084900000| Untracked 
|  44|0x0000000084a00000, 0x0000000084a00000, 0x0000000084b00000|  0%| F|  |TAMS 0x0000000084a00000| PB 0x0000000084a00000| Untracked 
|  45|0x0000000084b00000, 0x0000000084b00000, 0x0000000084c00000|  0%| F|  |TAMS 0x0000000084b00000| PB 0x0000000084b00000| Untracked 
|  46|0x0000000084c00000, 0x0000000084c00000, 0x0000000084d00000|  0%| F|  |TAMS 0x0000000084c00000| PB 0x0000000084c00000| Untracked 
|  47|0x0000000084d00000, 0x0000000084d00000, 0x0000000084e00000|  0%| F|  |TAMS 0x0000000084d00000| PB 0x0000000084d00000| Untracked 
|  48|0x0000000084e00000, 0x0000000084e00000, 0x0000000084f00000|  0%| F|  |TAMS 0x0000000084e00000| PB 0x0000000084e00000| Untracked 
|  49|0x0000000084f00000, 0x0000000084f00000, 0x0000000085000000|  0%| F|  |TAMS 0x0000000084f00000| PB 0x0000000084f00000| Untracked 
|  50|0x0000000085000000, 0x0000000085000000, 0x0000000085100000|  0%| F|  |TAMS 0x0000000085000000| PB 0x0000000085000000| Untracked 
|  51|0x0000000085100000, 0x0000000085100000, 0x0000000085200000|  0%| F|  |TAMS 0x0000000085100000| PB 0x0000000085100000| Untracked 
|  52|0x0000000085200000, 0x0000000085200000, 0x0000000085300000|  0%| F|  |TAMS 0x0000000085200000| PB 0x0000000085200000| Untracked 
|  53|0x0000000085300000, 0x0000000085300000, 0x0000000085400000|  0%| F|  |TAMS 0x0000000085300000| PB 0x0000000085300000| Untracked 
|  54|0x0000000085400000, 0x0000000085400000, 0x0000000085500000|  0%| F|  |TAMS 0x0000000085400000| PB 0x0000000085400000| Untracked 
|  55|0x0000000085500000, 0x0000000085500000, 0x0000000085600000|  0%| F|  |TAMS 0x0000000085500000| PB 0x0000000085500000| Untracked 
|  56|0x0000000085600000, 0x0000000085600000, 0x0000000085700000|  0%| F|  |TAMS 0x0000000085600000| PB 0x0000000085600000| Untracked 
|  57|0x0000000085700000, 0x0000000085700000, 0x0000000085800000|  0%| F|  |TAMS 0x0000000085700000| PB 0x0000000085700000| Untracked 
|  58|0x0000000085800000, 0x0000000085800000, 0x0000000085900000|  0%| F|  |TAMS 0x0000000085800000| PB 0x0000000085800000| Untracked 
|  59|0x0000000085900000, 0x0000000085900000, 0x0000000085a00000|  0%| F|  |TAMS 0x0000000085900000| PB 0x0000000085900000| Untracked 
|  60|0x0000000085a00000, 0x0000000085a00000, 0x0000000085b00000|  0%| F|  |TAMS 0x0000000085a00000| PB 0x0000000085a00000| Untracked 
|  61|0x0000000085b00000, 0x0000000085b00000, 0x0000000085c00000|  0%| F|  |TAMS 0x0000000085b00000| PB 0x0000000085b00000| Untracked 
|  62|0x0000000085c00000, 0x0000000085c00000, 0x0000000085d00000|  0%| F|  |TAMS 0x0000000085c00000| PB 0x0000000085c00000| Untracked 
|  63|0x0000000085d00000, 0x0000000085d00000, 0x0000000085e00000|  0%| F|  |TAMS 0x0000000085d00000| PB 0x0000000085d00000| Untracked 
|  64|0x0000000085e00000, 0x0000000085e00000, 0x0000000085f00000|  0%| F|  |TAMS 0x0000000085e00000| PB 0x0000000085e00000| Untracked 
|  65|0x0000000085f00000, 0x0000000085f00000, 0x0000000086000000|  0%| F|  |TAMS 0x0000000085f00000| PB 0x0000000085f00000| Untracked 
|  66|0x0000000086000000, 0x0000000086000000, 0x0000000086100000|  0%| F|  |TAMS 0x0000000086000000| PB 0x0000000086000000| Untracked 
|  67|0x0000000086100000, 0x0000000086100000, 0x0000000086200000|  0%| F|  |TAMS 0x0000000086100000| PB 0x0000000086100000| Untracked 
|  68|0x0000000086200000, 0x0000000086200000, 0x0000000086300000|  0%| F|  |TAMS 0x0000000086200000| PB 0x0000000086200000| Untracked 
|  69|0x0000000086300000, 0x0000000086300000, 0x0000000086400000|  0%| F|  |TAMS 0x0000000086300000| PB 0x0000000086300000| Untracked 
|  70|0x0000000086400000, 0x0000000086400000, 0x0000000086500000|  0%| F|  |TAMS 0x0000000086400000| PB 0x0000000086400000| Untracked 
|  71|0x0000000086500000, 0x0000000086500000, 0x0000000086600000|  0%| F|  |TAMS 0x0000000086500000| PB 0x0000000086500000| Untracked 
|  72|0x0000000086600000, 0x0000000086600000, 0x0000000086700000|  0%| F|  |TAMS 0x0000000086600000| PB 0x0000000086600000| Untracked 
|  73|0x0000000086700000, 0x0000000086700000, 0x0000000086800000|  0%| F|  |TAMS 0x0000000086700000| PB 0x0000000086700000| Untracked 
|  74|0x0000000086800000, 0x0000000086800000, 0x0000000086900000|  0%| F|  |TAMS 0x0000000086800000| PB 0x0000000086800000| Untracked 
|  75|0x0000000086900000, 0x0000000086900000, 0x0000000086a00000|  0%| F|  |TAMS 0x0000000086900000| PB 0x0000000086900000| Untracked 
|  76|0x0000000086a00000, 0x0000000086a00000, 0x0000000086b00000|  0%| F|  |TAMS 0x0000000086a00000| PB 0x0000000086a00000| Untracked 
|  77|0x0000000086b00000, 0x0000000086b00000, 0x0000000086c00000|  0%| F|  |TAMS 0x0000000086b00000| PB 0x0000000086b00000| Untracked 
|  78|0x0000000086c00000, 0x0000000086c00000, 0x0000000086d00000|  0%| F|  |TAMS 0x0000000086c00000| PB 0x0000000086c00000| Untracked 
|  79|0x0000000086d00000, 0x0000000086d00000, 0x0000000086e00000|  0%| F|  |TAMS 0x0000000086d00000| PB 0x0000000086d00000| Untracked 
|  80|0x0000000086e00000, 0x0000000086e63428, 0x0000000086f00000| 38%| E|  |TAMS 0x0000000086e00000| PB 0x0000000086e00000| Complete 
|  81|0x0000000086f00000, 0x0000000087000000, 0x0000000087000000|100%| E|CS|TAMS 0x0000000086f00000| PB 0x0000000086f00000| Complete 
|  82|0x0000000087000000, 0x0000000087100000, 0x0000000087100000|100%| E|CS|TAMS 0x0000000087000000| PB 0x0000000087000000| Complete 
|  83|0x0000000087100000, 0x0000000087200000, 0x0000000087200000|100%| E|CS|TAMS 0x0000000087100000| PB 0x0000000087100000| Complete 
|  84|0x0000000087200000, 0x0000000087300000, 0x0000000087300000|100%| E|CS|TAMS 0x0000000087200000| PB 0x0000000087200000| Complete 
|  85|0x0000000087300000, 0x0000000087400000, 0x0000000087400000|100%| E|CS|TAMS 0x0000000087300000| PB 0x0000000087300000| Complete 
|  86|0x0000000087400000, 0x0000000087500000, 0x0000000087500000|100%| E|CS|TAMS 0x0000000087400000| PB 0x0000000087400000| Complete 
|  87|0x0000000087500000, 0x0000000087600000, 0x0000000087600000|100%| E|CS|TAMS 0x0000000087500000| PB 0x0000000087500000| Complete 
|  88|0x0000000087600000, 0x0000000087700000, 0x0000000087700000|100%| E|CS|TAMS 0x0000000087600000| PB 0x0000000087600000| Complete 
|  89|0x0000000087700000, 0x0000000087800000, 0x0000000087800000|100%| E|  |TAMS 0x0000000087700000| PB 0x0000000087700000| Complete 
|  90|0x0000000087800000, 0x0000000087900000, 0x0000000087900000|100%| E|CS|TAMS 0x0000000087800000| PB 0x0000000087800000| Complete 
|  91|0x0000000087900000, 0x0000000087a00000, 0x0000000087a00000|100%| E|CS|TAMS 0x0000000087900000| PB 0x0000000087900000| Complete 
|  92|0x0000000087a00000, 0x0000000087b00000, 0x0000000087b00000|100%| E|CS|TAMS 0x0000000087a00000| PB 0x0000000087a00000| Complete 
|  93|0x0000000087b00000, 0x0000000087c00000, 0x0000000087c00000|100%| E|CS|TAMS 0x0000000087b00000| PB 0x0000000087b00000| Complete 
|  94|0x0000000087c00000, 0x0000000087d00000, 0x0000000087d00000|100%| E|CS|TAMS 0x0000000087c00000| PB 0x0000000087c00000| Complete 
|  95|0x0000000087d00000, 0x0000000087e00000, 0x0000000087e00000|100%| E|CS|TAMS 0x0000000087d00000| PB 0x0000000087d00000| Complete 
|  96|0x0000000087e00000, 0x0000000087f00000, 0x0000000087f00000|100%| E|CS|TAMS 0x0000000087e00000| PB 0x0000000087e00000| Complete 
|  97|0x0000000087f00000, 0x0000000088000000, 0x0000000088000000|100%| S|CS|TAMS 0x0000000087f00000| PB 0x0000000087f00000| Complete 
|  98|0x0000000088000000, 0x0000000088100000, 0x0000000088100000|100%| S|CS|TAMS 0x0000000088000000| PB 0x0000000088000000| Complete 
|  99|0x0000000088100000, 0x0000000088200000, 0x0000000088200000|100%| S|CS|TAMS 0x0000000088100000| PB 0x0000000088100000| Complete 
| 100|0x0000000088200000, 0x0000000088300000, 0x0000000088300000|100%| S|CS|TAMS 0x0000000088200000| PB 0x0000000088200000| Complete 
| 101|0x0000000088300000, 0x0000000088400000, 0x0000000088400000|100%| E|CS|TAMS 0x0000000088300000| PB 0x0000000088300000| Complete 
| 102|0x0000000088400000, 0x0000000088500000, 0x0000000088500000|100%| E|CS|TAMS 0x0000000088400000| PB 0x0000000088400000| Complete 
| 103|0x0000000088500000, 0x0000000088600000, 0x0000000088600000|100%| E|CS|TAMS 0x0000000088500000| PB 0x0000000088500000| Complete 
| 104|0x0000000088600000, 0x0000000088700000, 0x0000000088700000|100%| E|CS|TAMS 0x0000000088600000| PB 0x0000000088600000| Complete 
| 105|0x0000000088700000, 0x0000000088800000, 0x0000000088800000|100%| E|CS|TAMS 0x0000000088700000| PB 0x0000000088700000| Complete 
| 106|0x0000000088800000, 0x0000000088900000, 0x0000000088900000|100%| E|CS|TAMS 0x0000000088800000| PB 0x0000000088800000| Complete 
| 107|0x0000000088900000, 0x0000000088a00000, 0x0000000088a00000|100%| E|CS|TAMS 0x0000000088900000| PB 0x0000000088900000| Complete 
| 108|0x0000000088a00000, 0x0000000088b00000, 0x0000000088b00000|100%| E|CS|TAMS 0x0000000088a00000| PB 0x0000000088a00000| Complete 
| 109|0x0000000088b00000, 0x0000000088c00000, 0x0000000088c00000|100%| E|CS|TAMS 0x0000000088b00000| PB 0x0000000088b00000| Complete 
| 110|0x0000000088c00000, 0x0000000088d00000, 0x0000000088d00000|100%| E|CS|TAMS 0x0000000088c00000| PB 0x0000000088c00000| Complete 
| 111|0x0000000088d00000, 0x0000000088e00000, 0x0000000088e00000|100%| E|CS|TAMS 0x0000000088d00000| PB 0x0000000088d00000| Complete 
| 112|0x0000000088e00000, 0x0000000088f00000, 0x0000000088f00000|100%| E|CS|TAMS 0x0000000088e00000| PB 0x0000000088e00000| Complete 
| 113|0x0000000088f00000, 0x0000000089000000, 0x0000000089000000|100%| E|CS|TAMS 0x0000000088f00000| PB 0x0000000088f00000| Complete 
| 114|0x0000000089000000, 0x0000000089100000, 0x0000000089100000|100%| E|CS|TAMS 0x0000000089000000| PB 0x0000000089000000| Complete 
| 115|0x0000000089100000, 0x0000000089200000, 0x0000000089200000|100%| E|CS|TAMS 0x0000000089100000| PB 0x0000000089100000| Complete 
| 116|0x0000000089200000, 0x0000000089300000, 0x0000000089300000|100%| E|CS|TAMS 0x0000000089200000| PB 0x0000000089200000| Complete 
| 117|0x0000000089300000, 0x0000000089400000, 0x0000000089400000|100%| E|CS|TAMS 0x0000000089300000| PB 0x0000000089300000| Complete 
| 118|0x0000000089400000, 0x0000000089500000, 0x0000000089500000|100%| E|CS|TAMS 0x0000000089400000| PB 0x0000000089400000| Complete 
| 119|0x0000000089500000, 0x0000000089600000, 0x0000000089600000|100%| E|CS|TAMS 0x0000000089500000| PB 0x0000000089500000| Complete 
| 120|0x0000000089600000, 0x0000000089700000, 0x0000000089700000|100%| E|CS|TAMS 0x0000000089600000| PB 0x0000000089600000| Complete 
| 121|0x0000000089700000, 0x0000000089800000, 0x0000000089800000|100%| E|CS|TAMS 0x0000000089700000| PB 0x0000000089700000| Complete 
| 122|0x0000000089800000, 0x0000000089900000, 0x0000000089900000|100%| E|CS|TAMS 0x0000000089800000| PB 0x0000000089800000| Complete 
| 123|0x0000000089900000, 0x0000000089a00000, 0x0000000089a00000|100%| E|CS|TAMS 0x0000000089900000| PB 0x0000000089900000| Complete 
| 124|0x0000000089a00000, 0x0000000089b00000, 0x0000000089b00000|100%| E|CS|TAMS 0x0000000089a00000| PB 0x0000000089a00000| Complete 
| 125|0x0000000089b00000, 0x0000000089c00000, 0x0000000089c00000|100%| E|CS|TAMS 0x0000000089b00000| PB 0x0000000089b00000| Complete 
| 126|0x0000000089c00000, 0x0000000089d00000, 0x0000000089d00000|100%| E|CS|TAMS 0x0000000089c00000| PB 0x0000000089c00000| Complete 
| 127|0x0000000089d00000, 0x0000000089e00000, 0x0000000089e00000|100%| E|CS|TAMS 0x0000000089d00000| PB 0x0000000089d00000| Complete 

Card table byte_map: [0x0000029c56c40000,0x0000029c57040000] _byte_map_base: 0x0000029c56831000

Marking Bits: (CMBitMap*) 0x0000029c4fe00630
 Bits: [0x0000029c57040000, 0x0000029c58fc8000)

Polling page: 0x0000029c4d970000

Metaspace:

Usage:
  Non-class:     14.23 MB used.
      Class:      2.12 MB used.
       Both:     16.35 MB used.

Virtual space:
  Non-class space:       64.00 MB reserved,      14.38 MB ( 22%) committed,  1 nodes.
      Class space:        1.00 GB reserved,       2.31 MB ( <1%) committed,  1 nodes.
             Both:        1.06 GB reserved,      16.69 MB (  2%) committed. 

Chunk freelists:
   Non-Class:  752.00 KB
       Class:  13.73 MB
        Both:  14.47 MB

MaxMetaspaceSize: unlimited
CompressedClassSpaceSize: 1.00 GB
Initial GC threshold: 21.00 MB
Current GC threshold: 21.00 MB
CDS: on
 - commit_granule_bytes: 65536.
 - commit_granule_words: 8192.
 - virtual_space_node_default_size: 8388608.
 - enlarge_chunks_in_place: 1.
 - use_allocation_guard: 0.


Internal statistics:

num_allocs_failed_limit: 0.
num_arena_births: 438.
num_arena_deaths: 0.
num_vsnodes_births: 2.
num_vsnodes_deaths: 0.
num_space_committed: 267.
num_space_uncommitted: 0.
num_chunks_returned_to_freelist: 0.
num_chunks_taken_from_freelist: 901.
num_chunk_merges: 0.
num_chunk_splits: 576.
num_chunks_enlarged: 343.
num_inconsistent_stats: 0.

CodeCache: size=49152Kb used=5432Kb max_used=6694Kb free=43719Kb
 bounds [0x0000029c53730000, 0x0000029c53dc0000, 0x0000029c56730000]
 total_blobs=3266 nmethods=2762 adapters=428
 compilation: enabled
              stopped_count=0, restarted_count=0
 full_count=0

Compilation events (20 events):
Event: 21.519 Thread 0x0000029c5ba3b800 2753       1       org.springframework.core.annotation.AnnotationTypeMapping::getAnnotationType (5 bytes)
Event: 21.519 Thread 0x0000029c5ba3b800 nmethod 2753 0x0000029c53a3fe10 code [0x0000029c53a3ffa0, 0x0000029c53a40068]
Event: 21.520 Thread 0x0000029c5ba3b800 2754       1       java.util.ArrayDeque::removeFirst (19 bytes)
Event: 21.520 Thread 0x0000029c5ba3b800 nmethod 2754 0x0000029c53a3fa10 code [0x0000029c53a3fbc0, 0x0000029c53a3fd58]
Event: 21.520 Thread 0x0000029c5ba3b800 2755       1       java.lang.reflect.Method::getDeclaredAnnotations (5 bytes)
Event: 21.520 Thread 0x0000029c5ba3b800 nmethod 2755 0x0000029c53a3f590 code [0x0000029c53a3f760, 0x0000029c53a3f908]
Event: 21.520 Thread 0x0000029c5ba3b800 2756       1       org.springframework.core.annotation.AnnotationTypeMapping::getDistance (5 bytes)
Event: 21.520 Thread 0x0000029c5ba3b800 nmethod 2756 0x0000029c53a3f290 code [0x0000029c53a3f420, 0x0000029c53a3f4e8]
Event: 21.521 Thread 0x0000029c5ba3b800 2757       1       org.springframework.core.annotation.PackagesAnnotationFilter::matches (42 bytes)
Event: 21.521 Thread 0x0000029c5ba3b800 nmethod 2757 0x0000029c53a3ee10 code [0x0000029c53a3efc0, 0x0000029c53a3f150]
Event: 21.521 Thread 0x0000029c5ba3b800 2758       1       org.springframework.core.annotation.AnnotationFilter::matches (11 bytes)
Event: 21.521 Thread 0x0000029c5ba3b800 nmethod 2758 0x0000029c53a3ea10 code [0x0000029c53a3ebc0, 0x0000029c53a3ed00]
Event: 21.523 Thread 0x0000029c5ba3b800 2759       1       java.lang.Long::valueOf (40 bytes)
Event: 21.524 Thread 0x0000029c5ba3b800 nmethod 2759 0x0000029c53a3e610 code [0x0000029c53a3e7c0, 0x0000029c53a3e950]
Event: 21.524 Thread 0x0000029c5ba3b800 2760       1       org.springframework.core.annotation.AnnotationsScanner::hasPlainJavaAnnotationsOnly (26 bytes)
Event: 21.524 Thread 0x0000029c5ba3b800 nmethod 2760 0x0000029c53a3e210 code [0x0000029c53a3e3c0, 0x0000029c53a3e518]
Event: 21.529 Thread 0x0000029c5ba3b800 2761       1       ch.qos.logback.classic.spi.LogbackServiceProvider::getLoggerFactory (5 bytes)
Event: 21.530 Thread 0x0000029c5ba3b800 nmethod 2761 0x0000029c53a3df10 code [0x0000029c53a3e0a0, 0x0000029c53a3e168]
Event: 22.026 Thread 0x0000029c5ba3b800 2762       1       java.lang.invoke.DirectMethodHandle$Holder::invokeStatic (14 bytes)
Event: 22.026 Thread 0x0000029c5ba3b800 nmethod 2762 0x0000029c53a3db10 code [0x0000029c53a3dcc0, 0x0000029c53a3dde0]

GC Heap History (4 events):
Event: 2.634 GC heap before
{Heap before GC invocations=0 (full 0):
 garbage-first heap   total 131072K, used 26624K [0x0000000081e00000, 0x0000000100000000)
  region size 1024K, 23 young (23552K), 0 survivors (0K)
 Metaspace       used 6253K, committed 6464K, reserved 1114112K
  class space    used 742K, committed 832K, reserved 1048576K
}
Event: 2.648 GC heap after
{Heap after GC invocations=1 (full 0):
 garbage-first heap   total 131072K, used 11208K [0x0000000081e00000, 0x0000000100000000)
  region size 1024K, 3 young (3072K), 3 survivors (3072K)
 Metaspace       used 6253K, committed 6464K, reserved 1114112K
  class space    used 742K, committed 832K, reserved 1048576K
}
Event: 3.578 GC heap before
{Heap before GC invocations=1 (full 0):
 garbage-first heap   total 131072K, used 38856K [0x0000000081e00000, 0x0000000100000000)
  region size 1024K, 27 young (27648K), 3 survivors (3072K)
 Metaspace       used 9846K, committed 10048K, reserved 1114112K
  class space    used 1192K, committed 1280K, reserved 1048576K
}
Event: 3.591 GC heap after
{Heap after GC invocations=2 (full 0):
 garbage-first heap   total 131072K, used 15820K [0x0000000081e00000, 0x0000000100000000)
  region size 1024K, 4 young (4096K), 4 survivors (4096K)
 Metaspace       used 9846K, committed 10048K, reserved 1114112K
  class space    used 1192K, committed 1280K, reserved 1048576K
}

Dll operation events (9 events):
Event: 0.031 Loaded shared library C:\Users\Pedro Augusto\.p2\pool\plugins\org.eclipse.justj.openjdk.hotspot.jre.full.win32.x86_64_21.0.7.v20250502-0916\jre\bin\java.dll
Event: 0.195 Loaded shared library C:\Users\Pedro Augusto\.p2\pool\plugins\org.eclipse.justj.openjdk.hotspot.jre.full.win32.x86_64_21.0.7.v20250502-0916\jre\bin\zip.dll
Event: 1.377 Loaded shared library C:\Users\Pedro Augusto\.p2\pool\plugins\org.eclipse.justj.openjdk.hotspot.jre.full.win32.x86_64_21.0.7.v20250502-0916\jre\bin\jimage.dll
Event: 1.394 Loaded shared library C:\Users\Pedro Augusto\.p2\pool\plugins\org.eclipse.justj.openjdk.hotspot.jre.full.win32.x86_64_21.0.7.v20250502-0916\jre\bin\net.dll
Event: 1.398 Loaded shared library C:\Users\Pedro Augusto\.p2\pool\plugins\org.eclipse.justj.openjdk.hotspot.jre.full.win32.x86_64_21.0.7.v20250502-0916\jre\bin\nio.dll
Event: 1.403 Loaded shared library C:\Users\Pedro Augusto\.p2\pool\plugins\org.eclipse.justj.openjdk.hotspot.jre.full.win32.x86_64_21.0.7.v20250502-0916\jre\bin\zip.dll
Event: 1.692 Loaded shared library C:\Users\Pedro Augusto\.p2\pool\plugins\org.eclipse.justj.openjdk.hotspot.jre.full.win32.x86_64_21.0.7.v20250502-0916\jre\bin\management.dll
Event: 1.723 Loaded shared library C:\Users\Pedro Augusto\.p2\pool\plugins\org.eclipse.justj.openjdk.hotspot.jre.full.win32.x86_64_21.0.7.v20250502-0916\jre\bin\management_ext.dll
Event: 2.384 Loaded shared library C:\Users\Pedro Augusto\.p2\pool\plugins\org.eclipse.justj.openjdk.hotspot.jre.full.win32.x86_64_21.0.7.v20250502-0916\jre\bin\extnet.dll

Deoptimization events (0 events):
No events

Classes loaded (20 events):
Event: 12.105 Loading class jdk/xml/internal/XMLSecurityManager$Processor
Event: 12.105 Loading class jdk/xml/internal/XMLSecurityManager$Processor done
Event: 12.106 Loading class jdk/xml/internal/XMLSecurityManager$NameMap
Event: 12.106 Loading class jdk/xml/internal/XMLSecurityManager$NameMap done
Event: 12.106 Loading class jdk/xml/internal/JdkProperty
Event: 12.106 Loading class jdk/xml/internal/JdkProperty done
Event: 17.133 Loading class java/time/ZonedDateTime$1
Event: 17.133 Loading class java/time/ZonedDateTime$1 done
Event: 17.141 Loading class org/xml/sax/ErrorHandler
Event: 17.141 Loading class org/xml/sax/ErrorHandler done
Event: 17.141 Loading class org/xml/sax/SAXParseException
Event: 17.141 Loading class org/xml/sax/SAXParseException done
Event: 17.571 Loading class java/io/CharConversionException
Event: 17.572 Loading class java/io/CharConversionException done
Event: 18.910 Loading class java/lang/annotation/Repeatable
Event: 18.910 Loading class java/lang/annotation/Repeatable done
Event: 21.530 Loading class java/beans/Transient
Event: 21.530 Loading class java/beans/Transient done
Event: 21.530 Loading class java/beans/ConstructorProperties
Event: 21.530 Loading class java/beans/ConstructorProperties done

Classes unloaded (0 events):
No events

Classes redefined (0 events):
No events

Internal exceptions (20 events):
Event: 4.598 Thread 0x0000029c60e9e500 Exception <a 'java/lang/NoSuchMethodError'{0x0000000088ac52a8}: 'java.lang.Object java.lang.invoke.DirectMethodHandle$Holder.invokeSpecial(java.lang.Object, java.lang.Object, java.lang.Object, java.lang.Object, java.lang.Object, java.lang.Object, int)'> (0x0000000088ac52a8) 
thrown [s\src\hotspot\share\interpreter\linkResolver.cpp, line 773]
Event: 4.601 Thread 0x0000029c60e9e500 Exception <a 'java/lang/NoSuchMethodError'{0x0000000088ace9a0}: 'java.lang.Object java.lang.invoke.DirectMethodHandle$Holder.newInvokeSpecial(java.lang.Object, java.lang.Object, java.lang.Object, java.lang.Object, java.lang.Object, java.lang.Object, int)'> (0x0000000088ace9a0) 
thrown [s\src\hotspot\share\interpreter\linkResolver.cpp, line 773]
Event: 4.613 Thread 0x0000029c60e9e500 Exception <a 'java/lang/NoSuchMethodError'{0x0000000088ad3040}: 'java.lang.Object java.lang.invoke.DirectMethodHandle$Holder.invokeSpecial(java.lang.Object, java.lang.Object, java.lang.Object, java.lang.Object, java.lang.Object, java.lang.Object, java.lang.Object, int)'> (0x0000000088ad3040) 
thrown [s\src\hotspot\share\interpreter\linkResolver.cpp, line 773]
Event: 4.994 Thread 0x0000029c60e9e500 Exception <a 'java/lang/NoSuchMethodError'{0x0000000088850530}: 'void java.lang.invoke.DirectMethodHandle$Holder.invokeSpecial(java.lang.Object, java.lang.Object, java.lang.Object, java.lang.Object, java.lang.Object)'> (0x0000000088850530) 
thrown [s\src\hotspot\share\interpreter\linkResolver.cpp, line 773]
Event: 5.057 Thread 0x0000029c60e9e500 Exception <a 'java/lang/NoSuchMethodError'{0x00000000888adae0}: 'int java.lang.invoke.DirectMethodHandle$Holder.invokeVirtual(java.lang.Object, java.lang.Object)'> (0x00000000888adae0) 
thrown [s\src\hotspot\share\interpreter\linkResolver.cpp, line 773]
Event: 5.141 Thread 0x0000029c60e9e500 Exception <a 'java/lang/NoSuchMethodError'{0x0000000088765cf0}: 'java.lang.Object java.lang.invoke.DirectMethodHandle$Holder.invokeSpecial(java.lang.Object, java.lang.Object, java.lang.Object, int, java.lang.Object)'> (0x0000000088765cf0) 
thrown [s\src\hotspot\share\interpreter\linkResolver.cpp, line 773]
Event: 5.143 Thread 0x0000029c60e9e500 Exception <a 'java/lang/NoSuchMethodError'{0x000000008876d6b8}: 'java.lang.Object java.lang.invoke.DirectMethodHandle$Holder.newInvokeSpecial(java.lang.Object, java.lang.Object, java.lang.Object, int, java.lang.Object)'> (0x000000008876d6b8) 
thrown [s\src\hotspot\share\interpreter\linkResolver.cpp, line 773]
Event: 5.144 Thread 0x0000029c60e9e500 Exception <a 'java/lang/NoSuchMethodError'{0x0000000088774c80}: 'java.lang.Object java.lang.invoke.Invokers$Holder.linkToTargetMethod(java.lang.Object, java.lang.Object, int, java.lang.Object, java.lang.Object)'> (0x0000000088774c80) 
thrown [s\src\hotspot\share\interpreter\linkResolver.cpp, line 773]
Event: 5.152 Thread 0x0000029c60e9e500 Exception <a 'java/lang/NoSuchMethodError'{0x00000000887848e0}: 'java.lang.Object java.lang.invoke.DirectMethodHandle$Holder.newInvokeSpecial(java.lang.Object, int, java.lang.Object)'> (0x00000000887848e0) 
thrown [s\src\hotspot\share\interpreter\linkResolver.cpp, line 773]
Event: 5.152 Thread 0x0000029c60e9e500 Exception <a 'java/lang/NoSuchMethodError'{0x0000000088788660}: 'int java.lang.invoke.DirectMethodHandle$Holder.invokeSpecialIFC(java.lang.Object, java.lang.Object, java.lang.Object, java.lang.Object)'> (0x0000000088788660) 
thrown [s\src\hotspot\share\interpreter\linkResolver.cpp, line 773]
Event: 5.518 Thread 0x0000029c60e9e500 Exception <a 'java/lang/NoSuchMethodError'{0x0000000088674ea0}: 'void java.lang.invoke.DirectMethodHandle$Holder.invokeInterface(java.lang.Object, java.lang.Object, java.lang.Object)'> (0x0000000088674ea0) 
thrown [s\src\hotspot\share\interpreter\linkResolver.cpp, line 773]
Event: 5.549 Thread 0x0000029c60e9e500 Exception <a 'java/lang/NoSuchMethodError'{0x00000000885211b8}: 'java.lang.reflect.Field[] java.lang.Class.getDeclaredFields(java.lang.Class)'> (0x00000000885211b8) 
thrown [s\src\hotspot\share\interpreter\linkResolver.cpp, line 773]
Event: 5.551 Thread 0x0000029c60e9e500 Exception <a 'java/lang/NoSuchMethodError'{0x0000000088525b08}: 'java.lang.Object java.lang.invoke.DirectMethodHandle$Holder.invokeStatic(java.lang.Object, java.lang.Object, int)'> (0x0000000088525b08) 
thrown [s\src\hotspot\share\interpreter\linkResolver.cpp, line 773]
Event: 5.552 Thread 0x0000029c60e9e500 Exception <a 'java/lang/NoSuchMethodError'{0x0000000088531248}: 'void java.lang.invoke.DelegatingMethodHandle$Holder.delegate(java.lang.Object, java.lang.Object, int, java.lang.Object)'> (0x0000000088531248) 
thrown [s\src\hotspot\share\interpreter\linkResolver.cpp, line 773]
Event: 6.681 Thread 0x0000029c60e9e500 Exception <a 'java/lang/NoSuchMethodError'{0x00000000884700f8}: 'java.lang.Object java.lang.invoke.DirectMethodHandle$Holder.invokeVirtual(java.lang.Object, java.lang.Object, java.lang.Object)'> (0x00000000884700f8) 
thrown [s\src\hotspot\share\interpreter\linkResolver.cpp, line 773]
Event: 7.391 Thread 0x0000029c60e9e500 Exception <a 'java/lang/NoSuchMethodError'{0x000000008836e4a8}: 'void java.lang.invoke.DirectMethodHandle$Holder.invokeStatic(java.lang.Object, java.lang.Object, int)'> (0x000000008836e4a8) 
thrown [s\src\hotspot\share\interpreter\linkResolver.cpp, line 773]
Event: 7.408 Thread 0x0000029c60e9e500 Exception <a 'java/lang/NoSuchMethodError'{0x0000000088381b20}: 'void java.lang.invoke.DirectMethodHandle$Holder.invokeStaticInit(java.lang.Object, java.lang.Object, java.lang.Object)'> (0x0000000088381b20) 
thrown [s\src\hotspot\share\interpreter\linkResolver.cpp, line 773]
Event: 7.457 Thread 0x0000029c60e9e500 Exception <a 'java/lang/NoSuchMethodError'{0x0000000087e434d0}: 'void java.lang.invoke.DirectMethodHandle$Holder.invokeVirtual(java.lang.Object, java.lang.Object, java.lang.Object, java.lang.Object)'> (0x0000000087e434d0) 
thrown [s\src\hotspot\share\interpreter\linkResolver.cpp, line 773]
Event: 11.895 Thread 0x0000029c60e9e500 Exception <a 'java/lang/IncompatibleClassChangeError'{0x0000000087b52ab8}: Found class java.lang.Object, but interface was expected> (0x0000000087b52ab8) 
thrown [s\src\hotspot\share\interpreter\linkResolver.cpp, line 840]
Event: 11.895 Thread 0x0000029c60e9eb90 Exception <a 'java/lang/NoClassDefFoundError'{0x0000000087b602d0}: jakarta/validation/Validation> (0x0000000087b602d0) 
thrown [s\src\hotspot\share\classfile\systemDictionary.cpp, line 301]

ZGC Phase Switch (0 events):
No events

VM Operations (20 events):
Event: 10.418 Executing VM operation: Cleanup done
Event: 10.870 Executing VM operation: HandshakeAllThreads (Deoptimize)
Event: 10.870 Executing VM operation: HandshakeAllThreads (Deoptimize) done
Event: 11.876 Executing VM operation: Cleanup
Event: 11.879 Executing VM operation: Cleanup done
Event: 12.880 Executing VM operation: Cleanup
Event: 12.880 Executing VM operation: Cleanup done
Event: 14.881 Executing VM operation: Cleanup
Event: 14.881 Executing VM operation: Cleanup done
Event: 16.881 Executing VM operation: Cleanup
Event: 16.881 Executing VM operation: Cleanup done
Event: 17.135 Executing VM operation: HandshakeAllThreads (Deoptimize)
Event: 17.135 Executing VM operation: HandshakeAllThreads (Deoptimize) done
Event: 18.135 Executing VM operation: Cleanup
Event: 18.136 Executing VM operation: Cleanup done
Event: 19.136 Executing VM operation: Cleanup
Event: 19.136 Executing VM operation: Cleanup done
Event: 21.137 Executing VM operation: Cleanup
Event: 21.502 Executing VM operation: Cleanup done
Event: 22.502 Executing VM operation: Cleanup

Memory protections (0 events):
No events

Nmethod flushes (0 events):
No events

Events (20 events):
Event: 1.297 Thread 0x0000029c4d9cbea0 Thread added: 0x0000029c5bb8a000
Event: 1.337 Thread 0x0000029c5ba3b800 Thread added: 0x0000029c5bb8bbd0
Event: 1.365 Thread 0x0000029c4d9cbea0 Thread added: 0x0000029c5bbdb680
Event: 2.037 Thread 0x0000029c5bb8bbd0 Thread added: 0x0000029c60447ec0
Event: 2.038 Thread 0x0000029c5bb8bbd0 Thread added: 0x0000029c60448560
Event: 2.391 Thread 0x0000029c4d9cbea0 Thread added: 0x0000029c604e5460
Event: 2.442 Thread 0x0000029c4d9cbea0 Thread added: 0x0000029c60498300
Event: 2.487 Thread 0x0000029c60498300 Thread added: 0x0000029c60520390
Event: 2.504 Thread 0x0000029c4d9cbea0 Thread added: 0x0000029c605040c0
Event: 2.528 Thread 0x0000029c60520390 Thread added: 0x0000029c6054f6b0
Event: 2.532 Thread 0x0000029c604e5460 Thread added: 0x0000029c6053c2c0
Event: 2.563 Thread 0x0000029c6053c2c0 Thread added: 0x0000029c60558730
Event: 3.778 Thread 0x0000029c4d9cbea0 Thread added: 0x0000029c60e9de70
Event: 3.788 Thread 0x0000029c60e9de70 Thread added: 0x0000029c60e9e500
Event: 5.602 Thread 0x0000029c60e9e500 Thread added: 0x0000029c60e9eb90
Event: 6.266 Thread 0x0000029c60447ec0 Thread exited: 0x0000029c60447ec0
Event: 6.266 Thread 0x0000029c60448560 Thread exited: 0x0000029c60448560
Event: 9.322 Thread 0x0000029c5bb8bbd0 Thread exited: 0x0000029c5bb8bbd0
Event: 10.635 Thread 0x0000029c60e9eb90 Thread exited: 0x0000029c60e9eb90
Event: 11.885 Thread 0x0000029c60e9e500 Thread added: 0x0000029c60e9eb90


Dynamic libraries:
0x00007ff7a7c10000 - 0x00007ff7a7c1e000 	C:\Users\Pedro Augusto\.p2\pool\plugins\org.eclipse.justj.openjdk.hotspot.jre.full.win32.x86_64_21.0.7.v20250502-0916\jre\bin\javaw.exe
0x00007ffe6f040000 - 0x00007ffe6f2a8000 	C:\WINDOWS\SYSTEM32\ntdll.dll
0x00007ffe6d630000 - 0x00007ffe6d6f9000 	C:\WINDOWS\System32\KERNEL32.DLL
0x00007ffe6c890000 - 0x00007ffe6cc82000 	C:\WINDOWS\System32\KERNELBASE.dll
0x00007ffe6c410000 - 0x00007ffe6c55b000 	C:\WINDOWS\System32\ucrtbase.dll
0x00007ffe1e070000 - 0x00007ffe1e088000 	C:\Users\Pedro Augusto\.p2\pool\plugins\org.eclipse.justj.openjdk.hotspot.jre.full.win32.x86_64_21.0.7.v20250502-0916\jre\bin\jli.dll
0x00007ffe6cea0000 - 0x00007ffe6d065000 	C:\WINDOWS\System32\USER32.dll
0x00007ffe6c3e0000 - 0x00007ffe6c407000 	C:\WINDOWS\System32\win32u.dll
0x00007ffe6d700000 - 0x00007ffe6d72b000 	C:\WINDOWS\System32\GDI32.dll
0x00007ffe6c560000 - 0x00007ffe6c68d000 	C:\WINDOWS\System32\gdi32full.dll
0x00007ffe6c7e0000 - 0x00007ffe6c883000 	C:\WINDOWS\System32\msvcp_win.dll
0x00007ffe1cac0000 - 0x00007ffe1cade000 	C:\Users\Pedro Augusto\.p2\pool\plugins\org.eclipse.justj.openjdk.hotspot.jre.full.win32.x86_64_21.0.7.v20250502-0916\jre\bin\VCRUNTIME140.dll
0x00007ffe56700000 - 0x00007ffe56993000 	C:\WINDOWS\WinSxS\amd64_microsoft.windows.common-controls_6595b64144ccf1df_6.0.26100.6899_none_3e0efeeae32e88c1\COMCTL32.dll
0x00007ffe6d070000 - 0x00007ffe6d119000 	C:\WINDOWS\System32\msvcrt.dll
0x00007ffe6ef40000 - 0x00007ffe6ef6f000 	C:\WINDOWS\System32\IMM32.DLL
0x00007ffe25640000 - 0x00007ffe2564c000 	C:\Users\Pedro Augusto\.p2\pool\plugins\org.eclipse.justj.openjdk.hotspot.jre.full.win32.x86_64_21.0.7.v20250502-0916\jre\bin\vcruntime140_1.dll
0x00007ffe091c0000 - 0x00007ffe0924d000 	C:\Users\Pedro Augusto\.p2\pool\plugins\org.eclipse.justj.openjdk.hotspot.jre.full.win32.x86_64_21.0.7.v20250502-0916\jre\bin\msvcp140.dll
0x00007ffe1f7d0000 - 0x00007ffe20560000 	C:\Users\Pedro Augusto\.p2\pool\plugins\org.eclipse.justj.openjdk.hotspot.jre.full.win32.x86_64_21.0.7.v20250502-0916\jre\bin\server\jvm.dll
0x00007ffe6e6a0000 - 0x00007ffe6e754000 	C:\WINDOWS\System32\ADVAPI32.dll
0x00007ffe6ed60000 - 0x00007ffe6ee06000 	C:\WINDOWS\System32\sechost.dll
0x00007ffe6ee10000 - 0x00007ffe6ef28000 	C:\WINDOWS\System32\RPCRT4.dll
0x00007ffe6d830000 - 0x00007ffe6d8a4000 	C:\WINDOWS\System32\WS2_32.dll
0x00007ffe6c050000 - 0x00007ffe6c0ae000 	C:\WINDOWS\SYSTEM32\POWRPROF.dll
0x00007ffe569a0000 - 0x00007ffe569d5000 	C:\WINDOWS\SYSTEM32\WINMM.dll
0x00007ffe60020000 - 0x00007ffe6002b000 	C:\WINDOWS\SYSTEM32\VERSION.dll
0x00007ffe6c010000 - 0x00007ffe6c024000 	C:\WINDOWS\SYSTEM32\UMPDC.dll
0x00007ffe6af70000 - 0x00007ffe6af8b000 	C:\WINDOWS\SYSTEM32\kernel.appcore.dll
0x00007ffe63bc0000 - 0x00007ffe63bca000 	C:\Users\Pedro Augusto\.p2\pool\plugins\org.eclipse.justj.openjdk.hotspot.jre.full.win32.x86_64_21.0.7.v20250502-0916\jre\bin\jimage.dll
0x00007ffe69630000 - 0x00007ffe69872000 	C:\WINDOWS\SYSTEM32\DBGHELP.DLL
0x00007ffe6e000000 - 0x00007ffe6e37b000 	C:\WINDOWS\System32\combase.dll
0x00007ffe6e770000 - 0x00007ffe6e847000 	C:\WINDOWS\System32\OLEAUT32.dll
0x00007ffe3ef10000 - 0x00007ffe3ef4c000 	C:\WINDOWS\SYSTEM32\dbgcore.DLL
0x00007ffe6c340000 - 0x00007ffe6c3d8000 	C:\WINDOWS\System32\bcryptPrimitives.dll
0x00007ffe5bd00000 - 0x00007ffe5bd1f000 	C:\Users\Pedro Augusto\.p2\pool\plugins\org.eclipse.justj.openjdk.hotspot.jre.full.win32.x86_64_21.0.7.v20250502-0916\jre\bin\java.dll
0x00007ffe6d8b0000 - 0x00007ffe6dffd000 	C:\WINDOWS\System32\SHELL32.dll
0x00007ffe6c1d0000 - 0x00007ffe6c33b000 	C:\WINDOWS\System32\wintypes.dll
0x00007ffe69e00000 - 0x00007ffe6a65d000 	C:\WINDOWS\SYSTEM32\windows.storage.dll
0x00007ffe6e440000 - 0x00007ffe6e532000 	C:\WINDOWS\System32\SHCORE.dll
0x00007ffe6e3d0000 - 0x00007ffe6e432000 	C:\WINDOWS\System32\shlwapi.dll
0x00007ffe6c0f0000 - 0x00007ffe6c119000 	C:\WINDOWS\SYSTEM32\profapi.dll
0x00007ffe5b120000 - 0x00007ffe5b138000 	C:\Users\Pedro Augusto\.p2\pool\plugins\org.eclipse.justj.openjdk.hotspot.jre.full.win32.x86_64_21.0.7.v20250502-0916\jre\bin\zip.dll
0x00007ffe5b110000 - 0x00007ffe5b120000 	C:\Users\Pedro Augusto\.p2\pool\plugins\org.eclipse.justj.openjdk.hotspot.jre.full.win32.x86_64_21.0.7.v20250502-0916\jre\bin\net.dll
0x00007ffe5fe60000 - 0x00007ffe5ff7f000 	C:\WINDOWS\SYSTEM32\WINHTTP.dll
0x00007ffe6b4d0000 - 0x00007ffe6b53b000 	C:\WINDOWS\system32\mswsock.dll
0x00007ffe54bc0000 - 0x00007ffe54bd6000 	C:\Users\Pedro Augusto\.p2\pool\plugins\org.eclipse.justj.openjdk.hotspot.jre.full.win32.x86_64_21.0.7.v20250502-0916\jre\bin\nio.dll
0x00007ffe1c1b0000 - 0x00007ffe1c1ba000 	C:\Users\Pedro Augusto\.p2\pool\plugins\org.eclipse.justj.openjdk.hotspot.jre.full.win32.x86_64_21.0.7.v20250502-0916\jre\bin\management.dll
0x00007ffe1c0f0000 - 0x00007ffe1c0fb000 	C:\Users\Pedro Augusto\.p2\pool\plugins\org.eclipse.justj.openjdk.hotspot.jre.full.win32.x86_64_21.0.7.v20250502-0916\jre\bin\management_ext.dll
0x00007ffe6e8b0000 - 0x00007ffe6e8b8000 	C:\WINDOWS\System32\PSAPI.DLL
0x00007ffe28b70000 - 0x00007ffe28b88000 	C:\WINDOWS\system32\napinsp.dll
0x00007ffe6aa50000 - 0x00007ffe6ab76000 	C:\WINDOWS\SYSTEM32\DNSAPI.dll
0x00007ffe6a9b0000 - 0x00007ffe6a9e4000 	C:\WINDOWS\SYSTEM32\IPHLPAPI.DLL
0x00007ffe6e760000 - 0x00007ffe6e76a000 	C:\WINDOWS\System32\NSI.dll
0x00007ffe28b50000 - 0x00007ffe28b62000 	C:\WINDOWS\System32\winrnr.dll
0x00007ffe28b20000 - 0x00007ffe28b48000 	C:\WINDOWS\system32\nlansp_c.dll
0x00007ffe5bfe0000 - 0x00007ffe5bff6000 	C:\WINDOWS\system32\wshbth.dll
0x00007ffe5ff90000 - 0x00007ffe5ff9b000 	C:\Windows\System32\rasadhlp.dll
0x00007ffe5b620000 - 0x00007ffe5b6a6000 	C:\WINDOWS\System32\fwpuclnt.dll
0x00007ffe6b7d0000 - 0x00007ffe6b7eb000 	C:\WINDOWS\SYSTEM32\CRYPTSP.dll
0x00007ffe6aec0000 - 0x00007ffe6aefb000 	C:\WINDOWS\system32\rsaenh.dll
0x00007ffe6b590000 - 0x00007ffe6b5bb000 	C:\WINDOWS\SYSTEM32\USERENV.dll
0x00007ffe6c0c0000 - 0x00007ffe6c0e6000 	C:\WINDOWS\SYSTEM32\bcrypt.dll
0x00007ffe6b7c0000 - 0x00007ffe6b7cc000 	C:\WINDOWS\SYSTEM32\CRYPTBASE.dll
0x00007ffe1d180000 - 0x00007ffe1d189000 	C:\Users\Pedro Augusto\.p2\pool\plugins\org.eclipse.justj.openjdk.hotspot.jre.full.win32.x86_64_21.0.7.v20250502-0916\jre\bin\extnet.dll

dbghelp: loaded successfully - version: 4.0.5 - missing functions: none
symbol engine: initialized successfully - sym options: 0x614 - pdb path: .;C:\Users\Pedro Augusto\.p2\pool\plugins\org.eclipse.justj.openjdk.hotspot.jre.full.win32.x86_64_21.0.7.v20250502-0916\jre\bin;C:\WINDOWS\SYSTEM32;C:\WINDOWS\WinSxS\amd64_microsoft.windows.common-controls_6595b64144ccf1df_6.0.26100.6899_none_3e0efeeae32e88c1;C:\Users\Pedro Augusto\.p2\pool\plugins\org.eclipse.justj.openjdk.hotspot.jre.full.win32.x86_64_21.0.7.v20250502-0916\jre\bin\server

VM Arguments:
jvm_args: -Dcom.sun.management.jmxremote -Dcom.sun.management.jmxremote.port=60407 -Dcom.sun.management.jmxremote.authenticate=false -Dcom.sun.management.jmxremote.ssl=false -Djava.rmi.server.hostname=localhost -Dspring.jmx.enabled=true -Dmanagement.endpoints.jmx.exposure.include=* -Dspring.application.admin.enabled=true -Dspring.output.ansi.enabled=always -XX:TieredStopAtLevel=1 -Dspring.boot.project.name=auth-service -Dfile.encoding=UTF-8 -Dstdout.encoding=UTF-8 -Dstderr.encoding=UTF-8 -XX:+ShowCodeDetailsInExceptionMessages 
java_command: br.edu.atitus.auth_service.AuthServiceApplication
java_class_path (initial): C:\Users\Pedro Augusto\Documents\Atitus\projetos\4o_semestre\paradigmas_de_programacao\microservices-java\auth-service\target\classes;C:\Users\Pedro Augusto\.m2\repository\org\springframework\boot\spring-boot-starter-actuator\3.4.3\spring-boot-starter-actuator-3.4.3.jar;C:\Users\Pedro Augusto\.m2\repository\org\springframework\boot\spring-boot-starter\3.4.3\spring-boot-starter-3.4.3.jar;C:\Users\Pedro Augusto\.m2\repository\org\springframework\boot\spring-boot-starter-logging\3.4.3\spring-boot-starter-logging-3.4.3.jar;C:\Users\Pedro Augusto\.m2\repository\ch\qos\logback\logback-classic\1.5.16\logback-classic-1.5.16.jar;C:\Users\Pedro Augusto\.m2\repository\ch\qos\logback\logback-core\1.5.16\logback-core-1.5.16.jar;C:\Users\Pedro Augusto\.m2\repository\org\apache\logging\log4j\log4j-to-slf4j\2.24.3\log4j-to-slf4j-2.24.3.jar;C:\Users\Pedro Augusto\.m2\repository\org\apache\logging\log4j\log4j-api\2.24.3\log4j-api-2.24.3.jar;C:\Users\Pedro Augusto\.m2\repository\org\slf4j\jul-to-slf4j\2.0.16\jul-to-slf4j-2.0.16.jar;C:\Users\Pedro Augusto\.m2\repository\jakarta\annotation\jakarta.annotation-api\2.1.1\jakarta.annotation-api-2.1.1.jar;C:\Users\Pedro Augusto\.m2\repository\org\yaml\snakeyaml\2.3\snakeyaml-2.3.jar;C:\Users\Pedro Augusto\.m2\repository\org\springframework\boot\spring-boot-actuator-autoconfigure\3.4.3\spring-boot-actuator-autoconfigure-3.4.3.jar;C:\Users\Pedro Augusto\.m2\repository\org\springframework\boot\spring-boot-actuator\3.4.3\spring-boot-actuator-3.4.3.jar;C:\Users\Pedro Augusto\.m2\repository\io\micrometer\micrometer-observation\1.14.4\micrometer-observation-1.14.4.jar;C:\Users\Pedro Augusto\.m2\repository\io\micrometer\micrometer-commons\1.14.4\micrometer-commons-1.14.4.jar;C:\Users\Pedro Augusto\.m2\repository\io\micrometer\micrometer-jakarta9\1.14.4\micrometer-jakarta9-1.14.4.jar;C:\Users\Pedro Augusto\.m2\repository\org\springframework\boot\spring-boot-starter-data-jpa\3.4.3\spring-boot-starter-data-jpa-3.4.3.jar;C:\Users\Pedro Augusto\.m2\repository\org\springframework\boot\spring-boot-starter-jdbc\3.4.3\spring-boot-starter-jdbc-3.4.3.jar;C:\Users\Pedro Augusto\.m2\repository\com\zaxxer\HikariCP\5.1.0\HikariCP-5.1.0.jar;C:\Users\Pedro Augusto\.m2\repository\org\springframework\spring-jdbc\6.2.3\spring-jdbc-6.2.3.jar;C:\Users\Pedro Augusto\.m2\repository\org\hibernate\orm\hibernate-core\6.6.8.Final\hibernate-core-6.6.8.Final.jar;C:\Users\Pedro Augusto\.m2\repository\jakarta\persistence\jakarta.persistence-api\3.1.0\jakarta.persistence-api-3.1.0.jar;C:\Users\Pedro Augusto\.m2\repository\jakarta\transaction\jakarta.transaction-api\2.0.1\jakarta.transaction-api-2.0.1.jar;C:\Users\Pedro Augusto\.m2\repository\org\jboss\logging\jboss-logging\3.6.1.Final\jboss-logging-3.6.1.Final.jar;C:\Users\Pedro Augusto\.m2\repository\org\hibernate\common\hibernate-commons-annotations\7.0.3.Final\hibernate-commons-annotations-7.0.3.Final.jar;C:\Users\Pedro Augusto\.m2\repository\io\smallrye\jandex\3.2.0\jandex-3.2.0.jar;C:\Users\Pedro Augusto\.m2\repository\com\fasterxml\classmate\1.7.0\classmate-1.7.0.jar;C:\Users\Pedro Augusto\.m2\repository\net\bytebuddy\byte-buddy\1.15.11\byte-buddy-1.15.11.jar;C:\Users\Pedro Augusto\.m2\repository\org\glassfish\jaxb\jaxb-runtime\4.0.5\jaxb-runtime-4.0.5.jar;C:\Users\Pedro Augusto\.m2\repository\org\glassfish\jaxb\jaxb-core\4.0.5\jaxb-core-4.0.5.jar;C:\Users\Pedro Augusto\.m2\repository\org\eclipse\angus\angus-activation\2.0.2\angus-activation-2.0.2.jar;C:\Users\Pedro Augusto\.m2\repository\org\glassfish\jaxb\txw2\4.0.5\txw2-4.0.5.jar;C:\Users\Pedro Augusto\.m2\repository\com\sun\istack\istack-commons-runtime\4.1.2\istack-commons-runtime-4.1.2.jar;C:\Users\Pedro Augusto\.m2\repository\jakarta\inject\jakarta.inject-api\2.0.1\jakarta.inject-api-2.0.1.jar;C:\Users\Pedro Augusto\.m2\repository\org\antlr\antlr4-runtime\4.13.0\antlr4-runtime-4.13.0.jar;C:\Users\Pedro Augusto\.m2\repository\org\springframework\data\spring-data-jpa\3.4.3\spring-data-jpa-3.4.3.jar;C:\Users\Pedro Augusto\.m2\repository\org\springframework\data\spring-data-commons\3.4.3\spring-data-commons-3.4.3.jar;C:\Users\Pedro Augusto\.m2\repository\org\springframework\spring-orm\6.2.3\spring-orm-6.2.3.jar;C:\Users\Pedro Augusto\.m2\repository\org\springframework\spring-context\6.2.3\spring-context-6.2.3.jar;C:\Users\Pedro Augusto\.m2\repository\org\springframework\spring-tx\6.2.3\spring-tx-6.2.3.jar;C:\Users\Pedro Augusto\.m2\repository\org\springframework\spring-beans\6.2.3\spring-beans-6.2.3.jar;C:\Users\Pedro Augusto\.m2\repository\org\springframework\spring-aspects\6.2.3\spring-aspects-6.2.3.jar;C:\Users\Pedro Augusto\.m2\repository\org\aspectj\aspectjweaver\1.9.22.1\aspectjweaver-1.9.22.1.jar;C:\Users\Pedro Augusto\.m2\repository\org\springframework\boot\spring-boot-starter-web\3.4.3\spring-boot-starter-web-3.4.3.jar;C:\Users\Pedro Augusto\.m2\repository\org\springframework\boot\spring-boot-starter-json\3.4.3\spring-boot-starter-json-3.4.3.jar;C:\Users\Pedro Augusto\.m2\repository\com\fasterxml\jackson\datatype\jackson-datatype-jdk8\2.18.2\jackson-datatype-jdk8-2.18.2.jar;C:\Users\Pedro Augusto\.m2\repository\com\fasterxml\jackson\module\jackson-module-parameter-names\2.18.2\jackson-module-parameter-names-2.18.2.jar;C:\Users\Pedro Augusto\.m2\repository\org\springframework\boot\spring-boot-starter-tomcat\3.4.3\spring-boot-starter-tomcat-3.4.3.jar;C:\Users\Pedro Augusto\.m2\repository\org\apache\tomcat\embed\tomcat-embed-core\10.1.36\tomcat-embed-core-10.1.36.jar;C:\Users\Pedro Augusto\.m2\repository\org\apache\tomcat\embed\tomcat-embed-el\10.1.36\tomcat-embed-el-10.1.36.jar;C:\Users\Pedro Augusto\.m2\repository\org\apache\tomcat\embed\tomcat-embed-websocket\10.1.36\tomcat-embed-websocket-10.1.36.jar;C:\Users\Pedro Augusto\.m2\repository\org\springframework\spring-web\6.2.3\spring-web-6.2.3.jar;C:\Users\Pedro Augusto\.m2\repository\org\springframework\spring-webmvc\6.2.3\spring-webmvc-6.2.3.jar;C:\Users\Pedro Augusto\.m2\repository\org\springframework\spring-expression\6.2.3\spring-expression-6.2.3.jar;C:\Users\Pedro Augusto\.m2\repository\org\flywaydb\flyway-core\10.20.1\flyway-core-10.20.1.jar;C:\Users\Pedro Augusto\.m2\repository\com\fasterxml\jackson\dataformat\jackson-dataformat-toml\2.18.2\jackson-dataformat-toml-2.18.2.jar;C:\Users\Pedro Augusto\.m2\repository\com\fasterxml\jackson\core\jackson-core\2.18.2\jackson-core-2.18.2.jar;C:\Users\Pedro Augusto\.m2\repository\com\fasterxml\jackson\datatype\jackson-datatype-jsr310\2.18.2\jackson-datatype-jsr310-2.18.2.jar;C:\Users\Pedro Augusto\.m2\repository\com\fasterxml\jackson\core\jackson-annotations\2.18.2\jackson-annotations-2.18.2.jar;C:\Users\Pedro Augusto\.m2\repository\org\flywaydb\flyway-database-postgresql\10.20.1\flyway-database-postgresql-10.20.1.jar;C:\Users\Pedro Augusto\.m2\repository\org\springframework\cloud\spring-cloud-starter-netflix-eureka-client\4.2.0\spring-cloud-starter-netflix-eureka-client-4.2.0.jar;C:\Users\Pedro Augusto\.m2\repository\org\springframework\cloud\spring-cloud-starter\4.2.0\spring-cloud-starter-4.2.0.jar;C:\Users\Pedro Augusto\.m2\repository\org\springframework\cloud\spring-cloud-context\4.2.0\spring-cloud-context-4.2.0.jar;C:\Users\Pedro Augusto\.m2\repository\org\springframework\cloud\spring-cloud-commons\4.2.0\spring-cloud-commons-4.2.0.jar;C:\Users\Pedro Augusto\.m2\repository\org\bouncycastle\bcprov-jdk18on\1.78.1\bcprov-jdk18on-1.78.1.jar;C:\Users\Pedro Augusto\.m2\repository\org\springframework\cloud\spring-cloud-netflix-eureka-client\4.2.0\spring-cloud-netflix-eureka-client-4.2.0.jar;C:\Users\Pedro Augusto\.m2\repository\org\apache\httpcomponents\client5\httpclient5\5.4.2\httpclient5-5.4.2.jar;C:\Users\Pedro Augusto\.m2\repository\org\apache\httpcomponents\core5\httpcore5\5.3.3\httpcore5-5.3.3.jar;C:\Users\Pedro Augusto\.m2\repository\org\apache\httpcomponents\core5\httpcore5-h2\5.3.3\httpcore5-h2-5.3.3.jar;C:\Users\Pedro Augusto\.m2\repository\com\netflix\eureka\eureka-client\2.0.4\eureka-client-2.0.4.jar;C:\Users\Pedro Augusto\.m2\repository\com\thoughtworks\xstream\xstream\1.4.20\xstream-1.4.20.jar;C:\Users\Pedro Augusto\.m2\repository\io\github\x-stream\mxparser\1.2.2\mxparser-1.2.2.jar;C:\Users\Pedro Augusto\.m2\repository\xmlpull\xmlpull\1.1.3.1\xmlpull-1.1.3.1.jar;C:\Users\Pedro Augusto\.m2\repository\jakarta\ws\rs\jakarta.ws.rs-api\3.1.0\jakarta.ws.rs-api-3.1.0.jar;C:\Users\Pedro Augusto\.m2\repository\com\netflix\spectator\spectator-api\1.7.3\spectator-api-1.7.3.jar;C:\Users\Pedro Augusto\.m2\repository\org\apache\httpcomponents\httpclient\4.5.3\httpclient-4.5.3.jar;C:\Users\Pedro Augusto\.m2\repository\org\apache\httpcomponents\httpcore\4.4.16\httpcore-4.4.16.jar;C:\Users\Pedro Augusto\.m2\repository\commons-codec\commons-codec\1.17.2\commons-codec-1.17.2.jar;C:\Users\Pedro Augusto\.m2\repository\commons-configuration\commons-configuration\1.10\commons-configuration-1.10.jar;C:\Users\Pedro Augusto\.m2\repository\commons-lang\commons-lang\2.6\commons-lang-2.6.jar;C:\Users\Pedro Augusto\.m2\repository\com\netflix\netflix-commons\netflix-eventbus\0.3.0\netflix-eventbus-0.3.0.jar;C:\Users\Pedro Augusto\.m2\repository\com\netflix\netflix-commons\netflix-infix\0.3.0\netflix-infix-0.3.0.jar;C:\Users\Pedro Augusto\.m2\repository\commons-jxpath\commons-jxpath\1.3\commons-jxpath-1.3.jar;C:\Users\Pedro Augusto\.m2\repository\joda-time\joda-time\2.3\joda-time-2.3.jar;C:\Users\Pedro Augusto\.m2\repository\org\antlr\antlr-runtime\3.4\antlr-runtime-3.4.jar;C:\Users\Pedro Augusto\.m2\repository\org\antlr\stringtemplate\3.2.1\stringtemplate-3.2.1.jar;C:\Users\Pedro Augusto\.m2\repository\antlr\antlr\2.7.7\antlr-2.7.7.jar;C:\Users\Pedro Augusto\.m2\repository\com\google\guava\guava\14.0.1\guava-14.0.1.jar;C:\Users\Pedro Augusto\.m2\repository\com\google\code\gson\gson\2.11.0\gson-2.11.0.jar;C:\Users\Pedro Augusto\.m2\repository\com\google\errorprone\error_prone_annotations\2.27.0\error_prone_annotations-2.27.0.jar;C:\Users\Pedro Augusto\.m2\repository\com\netflix\servo\servo-core\0.5.3\servo-core-0.5.3.jar;C:\Users\Pedro Augusto\.m2\repository\org\apache\commons\commons-math\2.2\commons-math-2.2.jar;C:\Users\Pedro Augusto\.m2\repository\javax\annotation\javax.annotation-api\1.2\javax.annotation-api-1.2.jar;C:\Users\Pedro Augusto\.m2\repository\org\codehaus\jettison\jettison\1.5.4\jettison-1.5.4.jar;C:\Users\Pedro Augusto\.m2\repository\org\springframework\cloud\spring-cloud-starter-loadbalancer\4.2.0\spring-cloud-starter-loadbalancer-4.2.0.jar;C:\Users\Pedro Augusto\.m2\repository\org\springframework\cloud\spring-cloud-loadbalancer\4.2.0\spring-cloud-loadbalancer-4.2.0.jar;C:\Users\Pedro Augusto\.m2\repository\io\projectreactor\reactor-core\3.7.3\reactor-core-3.7.3.jar;C:\Users\Pedro Augusto\.m2\repository\org\reactivestreams\reactive-streams\1.0.4\reactive-streams-1.0.4.jar;C:\Users\Pedro Augusto\.m2\repository\io\projectreactor\addons\reactor-extra\3.5.2\reactor-extra-3.5.2.jar;C:\Users\Pedro Augusto\.m2\repository\org\springframework\boot\spring-boot-starter-cache\3.4.3\spring-boot-starter-cache-3.4.3.jar;C:\Users\Pedro Augusto\.m2\repository\org\springframework\spring-context-support\6.2.3\spring-context-support-6.2.3.jar;C:\Users\Pedro Augusto\.m2\repository\com\stoyanr\evictor\1.0.0\evictor-1.0.0.jar;C:\Users\Pedro Augusto\.m2\repository\org\springframework\boot\spring-boot-devtools\3.4.3\spring-boot-devtools-3.4.3.jar;C:\Users\Pedro Augusto\.m2\repository\org\springframework\boot\spring-boot\3.4.3\spring-boot-3.4.3.jar;C:\Users\Pedro Augusto\.m2\repository\org\springframework\boot\spring-boot-autoconfigure\3.4.3\spring-boot-autoconfigure-3.4.3.jar;C:\Users\Pedro Augusto\.m2\repository\org\postgresql\postgresql\42.7.5\postgresql-42.7.5.jar;C:\Users\Pedro Augusto\.m2\repository\org\checkerframework\checker-qual\3.48.3\checker-qual-3.48.3.jar;C:\Users\Pedro Augusto\.m2\repository\jakarta\xml\bind\jakarta.xml.bind-api\4.0.2\jakarta.xml.bind-api-4.0.2.jar;C:\Users\Pedro Augusto\.m2\repository\jakarta\activation\jakarta.activation-api\2.1.3\jakarta.activation-api-2.1.3.jar;C:\Users\Pedro Augusto\.m2\repository\org\springframework\spring-core\6.2.3\spring-core-6.2.3.jar;C:\Users\Pedro Augusto\.m2\repository\org\springframework\spring-jcl\6.2.3\spring-jcl-6.2.3.jar;C:\Users\Pedro Augusto\.m2\repository\org\springframework\boot\spring-boot-starter-security\3.4.3\spring-boot-starter-security-3.4.3.jar;C:\Users\Pedro Augusto\.m2\repository\org\springframework\spring-aop\6.2.3\spring-aop-6.2.3.jar;C:\Users\Pedro Augusto\.m2\repository\org\springframework\security\spring-security-config\6.4.3\spring-security-config-6.4.3.jar;C:\Users\Pedro Augusto\.m2\repository\org\springframework\security\spring-security-web\6.4.3\spring-security-web-6.4.3.jar;C:\Users\Pedro Augusto\.m2\repository\org\springframework\security\spring-security-core\6.4.3\spring-security-core-6.4.3.jar;C:\Users\Pedro Augusto\.m2\repository\org\springframework\security\spring-security-crypto\6.4.3\spring-security-crypto-6.4.3.jar;C:\Users\Pedro Augusto\.m2\repository\io\jsonwebtoken\jjwt-api\0.12.6\jjwt-api-0.12.6.jar;C:\Users\Pedro Augusto\.m2\repository\io\jsonwebtoken\jjwt-impl\0.12.6\jjwt-impl-0.12.6.jar;C:\Users\Pedro Augusto\.m2\repository\io\jsonwebtoken\jjwt-jackson\0.12.6\jjwt-jackson-0.12.6.jar;C:\Users\Pedro Augusto\.m2\repository\com\fasterxml\jackson\core\jackson-databind\2.18.2\jackson-databind-2.18.2.jar;C:\Users\Pedro Augusto\.m2\repository\io\micrometer\micrometer-registry-prometheus\1.14.4\micrometer-registry-prometheus-1.14.4.jar;C:\Users\Pedro Augusto\.m2\repository\io\micrometer\micrometer-core\1.14.4\micrometer-core-1.14.4.jar;C:\Users\Pedro Augusto\.m2\repository\org\hdrhistogram\HdrHistogram\2.2.2\HdrHistogram-2.2.2.jar;C:\Users\Pedro Augusto\.m2\repository\org\latencyutils\LatencyUtils\2.0.3\LatencyUtils-2.0.3.jar;C:\Users\Pedro Augusto\.m2\repository\io\prometheus\prometheus-metrics-core\1.3.6\prometheus-metrics-core-1.3.6.jar;C:\Users\Pedro Augusto\.m2\repository\io\prometheus\prometheus-metrics-model\1.3.6\prometheus-metrics-model-1.3.6.jar;C:\Users\Pedro Augusto\.m2\repository\io\prometheus\prometheus-metrics-config\1.3.6\prometheus-metrics-config-1.3.6.jar;C:\Users\Pedro Augusto\.m2\repository\io\prometheus\prometheus-metrics-tracer-common\1.3.6\prometheus-metrics-tracer-common-1.3.6.jar;C:\Users\Pedro Augusto\.m2\repository\io\prometheus\prometheus-metrics-exposition-formats\1.3.6\prometheus-metrics-exposition-formats-1.3.6.jar;C:\Users\Pedro Augusto\.m2\repository\io\prometheus\prometheus-metrics-exposition-textformats\1.3.6\prometheus-metrics-exposition-textformats-1.3.6.jar;C:\Users\Pedro Augusto\.m2\repository\io\micrometer\micrometer-tracing-bridge-brave\1.4.3\micrometer-tracing-bridge-brave-1.4.3.jar;C:\Users\Pedro Augusto\.m2\repository\io\micrometer\micrometer-tracing\1.4.3\micrometer-tracing-1.4.3.jar;C:\Users\Pedro Augusto\.m2\repository\io\micrometer\context-propagation\1.1.2\context-propagation-1.1.2.jar;C:\Users\Pedro Augusto\.m2\repository\aopalliance\aopalliance\1.0\aopalliance-1.0.jar;C:\Users\Pedro Augusto\.m2\repository\org\slf4j\slf4j-api\2.0.16\slf4j-api-2.0.16.jar;C:\Users\Pedro Augusto\.m2\repository\io\zipkin\brave\brave\6.0.3\brave-6.0.3.jar;C:\Users\Pedro Augusto\.m2\repository\io\zipkin\brave\brave-context-slf4j\6.0.3\brave-context-slf4j-6.0.3.jar;C:\Users\Pedro Augusto\.m2\repository\io\zipkin\brave\brave-instrumentation-http\6.0.3\brave-instrumentation-http-6.0.3.jar;C:\Users\Pedro Augusto\.m2\repository\io\zipkin\aws\brave-propagation-aws\1.2.5\brave-propagation-aws-1.2.5.jar;C:\Users\Pedro Augusto\.m2\repository\io\zipkin\contrib\brave-propagation-w3c\brave-propagation-tracecontext\0.2.0\brave-propagation-tracecontext-0.2.0.jar;C:\Users\Pedro Augusto\.m2\repository\io\zipkin\reporter2\zipkin-reporter-brave\3.4.3\zipkin-reporter-brave-3.4.3.jar;C:\Users\Pedro Augusto\.m2\repository\io\zipkin\reporter2\zipkin-reporter\3.4.3\zipkin-reporter-3.4.3.jar;C:\Users\Pedro Augusto\.m2\repository\io\github\openfeign\feign-micrometer\13.5\feign-micrometer-13.5.jar;C:\Users\Pedro Augusto\.m2\repository\io\github\openfeign\feign-core\13.5\feign-core-13.5.jar
Launcher Type: SUN_STANDARD

[Global flags]
     intx CICompilerCount                          = 4                                         {product} {ergonomic}
     uint ConcGCThreads                            = 2                                         {product} {ergonomic}
     uint G1ConcRefinementThreads                  = 8                                         {product} {ergonomic}
   size_t G1HeapRegionSize                         = 1048576                                   {product} {ergonomic}
    uintx GCDrainStackTargetSize                   = 64                                        {product} {ergonomic}
   size_t InitialHeapSize                          = 134217728                                 {product} {ergonomic}
     bool ManagementServer                         = true                                      {product} {command line}
   size_t MarkStackSize                            = 4194304                                   {product} {ergonomic}
   size_t MaxHeapSize                              = 2116026368                                {product} {ergonomic}
   size_t MaxNewSize                               = 1268776960                                {product} {ergonomic}
   size_t MinHeapDeltaBytes                        = 1048576                                   {product} {ergonomic}
   size_t MinHeapSize                              = 8388608                                   {product} {ergonomic}
    uintx NonNMethodCodeHeapSize                   = 4096                                   {pd product} {ergonomic}
    uintx NonProfiledCodeHeapSize                  = 0                                      {pd product} {ergonomic}
     bool ProfileInterpreter                       = false                                  {pd product} {command line}
    uintx ProfiledCodeHeapSize                     = 0                                      {pd product} {ergonomic}
     bool ShowCodeDetailsInExceptionMessages       = true                                   {manageable} {command line}
   size_t SoftMaxHeapSize                          = 2116026368                             {manageable} {ergonomic}
     intx TieredStopAtLevel                        = 1                                         {product} {command line}
     bool UseCompressedOops                        = true                           {product lp64_product} {ergonomic}
     bool UseG1GC                                  = true                                      {product} {ergonomic}
     bool UseLargePagesIndividualAllocation        = false                                  {pd product} {ergonomic}

Logging:
Log output configuration:
 #0: stdout all=warning uptime,level,tags foldmultilines=false
 #1: stderr all=off uptime,level,tags foldmultilines=false

Environment Variables:
PATH=C:/Users/Pedro Augusto/.p2/pool/plugins/org.eclipse.justj.openjdk.hotspot.jre.full.win32.x86_64_21.0.7.v20250502-0916/jre/bin/server;C:/Users/Pedro Augusto/.p2/pool/plugins/org.eclipse.justj.openjdk.hotspot.jre.full.win32.x86_64_21.0.7.v20250502-0916/jre/bin;C:\Program Files\Common Files\Oracle\Java\javapath;C:\Program Files (x86)\Common Files\Oracle\Java\java8path;C:\Program Files (x86)\Common Files\Oracle\Java\javapath;C:\Program Files (x86)\NVIDIA Corporation\PhysX\Common;C:\WINDOWS\system32;C:\WINDOWS;C:\WINDOWS\System32\Wbem;C:\WINDOWS\System32\WindowsPowerShell\v1.0\;C:\WINDOWS\System32\OpenSSH\;C:\Program Files\dotnet\;C:\Program Files\Git\cmd;C:\Program Files (x86)\Microsoft SQL Server\160\Tools\Binn\;C:\Program Files\Microsoft SQL Server\160\Tools\Binn\;C:\Program Files\Microsoft SQL Server\Client SDK\ODBC\170\Tools\Binn\;C:\Program Files\Microsoft SQL Server\160\DTS\Binn\;C:\Program Files\nodejs\;C:\Program Files\Docker\Docker\resources\bin;C:\Users\Pedro Augusto\.cargo\bin;C:\Users\Pedro Augusto\AppData\Local\Programs\Python\Python311\Scripts\;C:\Users\Pedro Augusto\AppData\Local\Programs\Python\Python311\;C:\Users\Pedro Augusto\AppData\Local\Programs\Python\Launcher\;C:\Users\Pedro Augusto\AppData\Local\Microsoft\WindowsApps;C:\Users\Pedro Augusto\AppData\Local\Programs\Microsoft VS Code\bin;C:\Users\Pedro Augusto\AppData\Roaming\npm;;C:\WINDOWS\System32;
USERNAME=Pedro
TMPDIR=c:\temp
OS=Windows_NT
PROCESSOR_IDENTIFIER=Intel64 Family 6 Model 142 Stepping 12, GenuineIntel
TMP=C:\Users\Pedro Augusto\AppData\Local\Temp
TEMP=C:\Users\Pedro Augusto\AppData\Local\Temp




Periodic native trim disabled

---------------  S Y S T E M  ---------------

OS:
 Windows 11 , 64 bit Build 26100 (10.0.26100.6725)
OS uptime: 15 days 20:02 hours
Hyper-V role detected

CPU: total 8 (initial active 8) (4 cores per cpu, 2 threads per core) family 6 model 142 stepping 12 microcode 0xf8, cx8, cmov, fxsr, ht, mmx, 3dnowpref, sse, sse2, sse3, ssse3, sse4.1, sse4.2, popcnt, lzcnt, tsc, tscinvbit, avx, avx2, aes, erms, clmul, bmi1, bmi2, adx, fma, vzeroupper, clflush, clflushopt, hv, rdtscp, f16c
Processor Information for the first 8 processors :
  Max Mhz: 1800, Current Mhz: 1600, Mhz Limit: 1584

Memory: 4k page, system-wide physical 8067M (1047M free)
TotalPageFile size 32643M (AvailPageFile size 246M)
current process WorkingSet (physical memory assigned to process): 135M, peak: 135M
current process commit charge ("private bytes"): 240M, peak: 240M

vm_info: OpenJDK 64-Bit Server VM (21.0.7+6-LTS) for windows-amd64 JRE (21.0.7+6-LTS), built on 2025-04-15T00:00:00Z by "admin" with MS VC++ 17.7 (VS2022)

END.
